<?xml version="1.0" encoding="UTF-8" ?>
<testsuite errors="0" failures="0" hostname="SERIAL-R9039N1G" name="com.ibm.juno.server.tests.AllTests" tests="121" time="6.121" timestamp="2015-12-30T17:18:02">
  <properties>
[...]
</properties>
  <testcase classname="com.ibm.juno.server.tests.sample.CT_AddressBookResource" name="testBasic" time="0.162" />
  <testcase classname="com.ibm.juno.server.tests.sample.CT_AddressBookResource" name="testPojoQuery" time="1.016" />
  <testcase classname="com.ibm.juno.server.tests.sample.CT_AddressBookResource" name="testPojoIntrospector" time="0.125" />
  <testcase classname="com.ibm.juno.server.tests.sample.CT_AddressBookResource" name="testPojoRest" time="0.573" />
  <testcase classname="com.ibm.juno.server.tests.CT_JacocoDummy" name="accessPrivateConstructorsOnStaticUtilityClasses" time="0.004" />
  <testcase classname="com.ibm.juno.server.tests.CT_RestUtils" name="testGetServletURI" time="0.0" />
  <testcase classname="com.ibm.juno.server.tests.CT_RestUtils" name="testTrimSlashes" time="0.0" />
  <testcase classname="com.ibm.juno.server.tests.CT_RestUtils" name="testTrimTrailingSlashes2" time="0.0" />
  <testcase classname="com.ibm.juno.server.tests.CT_RestUtils" name="testDecode" time="0.0" />
  <testcase classname="com.ibm.juno.server.tests.CT_RestUtils" name="testEncode" time="0.0" />
  <testcase classname="com.ibm.juno.server.tests.CT_RestUtils" name="testTrimTrailingSlashes" time="0.0" />
  <testcase classname="com.ibm.juno.server.tests.sample.CT_RootResources" name="testXml" time="0.128" />
  <testcase classname="com.ibm.juno.server.tests.sample.CT_RootResources" name="testJson" time="0.026" />
  <testcase classname="com.ibm.juno.server.tests.sample.CT_RootResources" name="testOptionsPage" time="0.066" />
  <testcase classname="com.ibm.juno.server.tests.sample.CT_RootResources" name="testHtmlStripped" time="0.046" />
  <testcase classname="com.ibm.juno.server.tests.sample.CT_RootResources" name="testStyleSheet" time="0.011" />
  <testcase classname="com.ibm.juno.server.tests.sample.CT_RootResources" name="testJsonSchema" time="0.052" />
  <testcase classname="com.ibm.juno.server.tests.sample.CT_SampleRemoteableServicesResource" name="testBasic" time="0.063" />
  <testcase classname="com.ibm.juno.server.tests.CT_TestAcceptCharset" name="testCharsetOnResponse" time="0.199" />
  <testcase classname="com.ibm.juno.server.tests.CT_TestAcceptCharset" name="testQValues" time="0.057" />
  <testcase classname="com.ibm.juno.server.tests.CT_TestBeanContextProperties" name="testClassFilters" time="0.029" />
  <testcase classname="com.ibm.juno.server.tests.CT_TestCallbackStrings" name="test" time="0.037" />
  <testcase classname="com.ibm.juno.server.tests.CT_TestCharsetEncodings" name="test" time="0.048" />
  <testcase classname="com.ibm.juno.server.tests.CT_TestConfig" name="test" time="0.128" />
  <testcase classname="com.ibm.juno.server.tests.CT_TestContent" name="testUsingContentParam" time="0.273" />
  <testcase classname="com.ibm.juno.server.tests.CT_TestContent" name="testUsingContentParamJsonParam" time="0.127" />
  <testcase classname="com.ibm.juno.server.tests.CT_TestContent" name="testUsingContent" time="0.204" />
  <testcase classname="com.ibm.juno.server.tests.CT_TestContent" name="testUsingContentParamJsonHeader" time="0.117" />
  <testcase classname="com.ibm.juno.server.tests.CT_TestDefaultContentTypes" name="testRestMethodAddParsersSerializersAnnotations" time="0.052" />
  <testcase classname="com.ibm.juno.server.tests.CT_TestDefaultContentTypes" name="testRestMethodParsersSerializers" time="0.054" />
  <testcase classname="com.ibm.juno.server.tests.CT_TestDefaultContentTypes" name="testDefaultHeadersOnServletAnnotation" time="0.057" />
  <testcase classname="com.ibm.juno.server.tests.CT_TestDefaultContentTypes" name="testRestMethodAddParsersSerializers" time="0.071" />
  <testcase classname="com.ibm.juno.server.tests.CT_TestDefaultContentTypes" name="testAccept" time="0.047" />
  <testcase classname="com.ibm.juno.server.tests.CT_TestDefaultContentTypes" name="testRestMethodParserSerializerAnnotations" time="0.043" />
  <testcase classname="com.ibm.juno.server.tests.CT_TestErrorConditions" name="testSetParameterToInvalidTypes" time="0.02" />
  <testcase classname="com.ibm.juno.server.tests.CT_TestErrorConditions" name="test412" time="0.009" />
  <testcase classname="com.ibm.juno.server.tests.CT_TestErrorConditions" name="test404and405" time="0.016" />
  <testcase classname="com.ibm.juno.server.tests.CT_TestErrorConditions" name="testParseIntoNonConstructableBean" time="0.011" />
  <testcase classname="com.ibm.juno.server.tests.CT_TestErrorConditions" name="testParseIntoNonStaticInnerClass" time="0.011" />
  <testcase classname="com.ibm.juno.server.tests.CT_TestErrorConditions" name="testThrownConstructorException" time="0.012" />
  <testcase classname="com.ibm.juno.server.tests.CT_TestErrorConditions" name="testParseIntoNonPublicInnerClass" time="0.018" />
  <testcase classname="com.ibm.juno.server.tests.CT_TestErrorConditions" name="testNonExistentBeanProperties" time="0.018" />
  <testcase classname="com.ibm.juno.server.tests.CT_TestErrorConditions" name="testWrongDataType" time="0.01" />
  <testcase classname="com.ibm.juno.server.tests.CT_TestFilters" name="testClassFilterOverridesParentClassFilter" time="0.015" />
  <testcase classname="com.ibm.juno.server.tests.CT_TestFilters" name="testMethodFilterOverridesClassFilter" time="0.016" />
  <testcase classname="com.ibm.juno.server.tests.CT_TestGroups" name="testSerializerDefinedOnClass" time="0.058" />
  <testcase classname="com.ibm.juno.server.tests.CT_TestGzip" name="testGzipOnDirect" time="0.016" />
  <testcase classname="com.ibm.juno.server.tests.CT_TestGzip" name="testGzipOff" time="0.06" />
  <testcase classname="com.ibm.juno.server.tests.CT_TestGzip" name="testGzipOn" time="0.059" />
  <testcase classname="com.ibm.juno.server.tests.CT_TestInheritance" name="testSerializers" time="0.023" />
  <testcase classname="com.ibm.juno.server.tests.CT_TestInheritance" name="testEncoders" time="0.002" />
  <testcase classname="com.ibm.juno.server.tests.CT_TestInheritance" name="testProperties" time="0.031" />
  <testcase classname="com.ibm.juno.server.tests.CT_TestInheritance" name="testFilters" time="0.021" />
  <testcase classname="com.ibm.juno.server.tests.CT_TestInheritance" name="testParsers" time="0.008" />
  <testcase classname="com.ibm.juno.server.tests.CT_TestMessages" name="test" time="0.026" />
  <testcase classname="com.ibm.juno.server.tests.sample.CT_TestMultiPartFormPosts" name="testUpload" time="0.023" />
  <testcase classname="com.ibm.juno.server.tests.CT_TestNls" name="test1" time="0.038" />
  <testcase classname="com.ibm.juno.server.tests.CT_TestNls" name="test2" time="0.014" />
  <testcase classname="com.ibm.juno.server.tests.CT_TestNls" name="test3" time="0.016" />
  <testcase classname="com.ibm.juno.server.tests.CT_TestNls" name="test4" time="0.015" />
  <testcase classname="com.ibm.juno.server.tests.CT_TestNls" name="test5" time="0.015" />
  <testcase classname="com.ibm.juno.server.tests.CT_TestNls" name="test6" time="0.013" />
  <testcase classname="com.ibm.juno.server.tests.CT_TestNlsProperty" name="testInheritedFromClass" time="0.011" />
  <testcase classname="com.ibm.juno.server.tests.CT_TestNlsProperty" name="testInheritedFromMethod" time="0.007" />
  <testcase classname="com.ibm.juno.server.tests.CT_TestNoParserInput" name="testInputStream" time="0.008" />
  <testcase classname="com.ibm.juno.server.tests.CT_TestNoParserInput" name="testPushbackReader" time="0.011" />
  <testcase classname="com.ibm.juno.server.tests.CT_TestNoParserInput" name="testReader" time="0.009" />
  <testcase classname="com.ibm.juno.server.tests.CT_TestOnPostCall" name="testPropertiesOverriddenProgramatically" time="0.026" />
  <testcase classname="com.ibm.juno.server.tests.CT_TestOnPostCall" name="testPropertiesOverriddenProgramaticallyDefaultAccept" time="0.064" />
  <testcase classname="com.ibm.juno.server.tests.CT_TestOnPostCall" name="testPropertiesOverridenByAnnotationDefaultAccept" time="0.018" />
  <testcase classname="com.ibm.juno.server.tests.CT_TestOnPostCall" name="testPropertiesOverridenByAnnotation" time="0.012" />
  <testcase classname="com.ibm.juno.server.tests.CT_TestOnPreCall" name="testPropertiesOverriddenProgrammatically" time="0.013" />
  <testcase classname="com.ibm.juno.server.tests.CT_TestOnPreCall" name="testPropertiesOverriddenByAnnotation" time="0.013" />
  <testcase classname="com.ibm.juno.server.tests.CT_TestOptionsWithoutNls" name="testOptions" time="0.019" />
  <testcase classname="com.ibm.juno.server.tests.CT_TestOptionsWithoutNls" name="testMissingResourceBundle" time="0.012" />
  <testcase classname="com.ibm.juno.server.tests.CT_TestOverlappingMethods" name="testOverlappingMatchers1" time="0.015" />
  <testcase classname="com.ibm.juno.server.tests.CT_TestOverlappingMethods" name="testOverlappingMatchers2" time="0.026" />
  <testcase classname="com.ibm.juno.server.tests.CT_TestOverlappingMethods" name="testOverlappingUrlPatterns" time="0.023" />
  <testcase classname="com.ibm.juno.server.tests.CT_TestOverlappingMethods" name="testOverlappingGuards1" time="0.008" />
  <testcase classname="com.ibm.juno.server.tests.CT_TestOverlappingMethods" name="testOverlappingGuards2" time="0.016" />
  <testcase classname="com.ibm.juno.server.tests.CT_TestParams" name="testQParamPost" time="0.03" />
  <testcase classname="com.ibm.juno.server.tests.CT_TestParams" name="testParamPost" time="0.02" />
  <testcase classname="com.ibm.juno.server.tests.CT_TestParams" name="testFormPostsWithMultiParamsUsingAnnotation" time="0.013" />
  <testcase classname="com.ibm.juno.server.tests.CT_TestParams" name="testBasic" time="0.124" />
  <testcase classname="com.ibm.juno.server.tests.CT_TestParams" name="testHasQParamGet" time="0.021" />
  <testcase classname="com.ibm.juno.server.tests.CT_TestParams" name="testFormPostsWithMultiParamsUsingProperty" time="0.037" />
  <testcase classname="com.ibm.juno.server.tests.CT_TestParams" name="testHasParamGet" time="0.033" />
  <testcase classname="com.ibm.juno.server.tests.CT_TestParams" name="testQParamGet" time="0.019" />
  <testcase classname="com.ibm.juno.server.tests.CT_TestParams" name="testMultiPartParams" time="0.02" />
  <testcase classname="com.ibm.juno.server.tests.CT_TestParams" name="testFormPostAsContent" time="0.03" />
  <testcase classname="com.ibm.juno.server.tests.CT_TestParams" name="testMultiPartParamsSingleValues" time="0.011" />
  <testcase classname="com.ibm.juno.server.tests.CT_TestParams" name="testHasQParamPost" time="0.025" />
  <testcase classname="com.ibm.juno.server.tests.CT_TestParams" name="testParamGet" time="0.032" />
  <testcase classname="com.ibm.juno.server.tests.CT_TestParams" name="testHasParamPost" time="0.026" />
  <testcase classname="com.ibm.juno.server.tests.CT_TestParsers" name="testParserOnClass" time="0.011" />
  <testcase classname="com.ibm.juno.server.tests.CT_TestParsers" name="testParserWithDifferentMediaTypes" time="0.013" />
  <testcase classname="com.ibm.juno.server.tests.CT_TestParsers" name="testParserOverriddenOnMethod" time="0.009" />
  <testcase classname="com.ibm.juno.server.tests.CT_TestParsers" name="testValidErrorResponse" time="0.007" />
  <testcase classname="com.ibm.juno.server.tests.CT_TestParsers" name="testParserOnMethod" time="0.013" />
  <testcase classname="com.ibm.juno.server.tests.CT_TestPath" name="testBasic" time="0.01" />
  <testcase classname="com.ibm.juno.server.tests.CT_TestPaths" name="testBasic" time="0.136" />
  <testcase classname="com.ibm.juno.server.tests.CT_TestProperties" name="testProperties" time="0.007" />
  <testcase classname="com.ibm.juno.server.tests.CT_TestProperties" name="testPropertiesDefinedOnMethod" time="0.007" />
  <testcase classname="com.ibm.juno.server.tests.CT_TestRestClient" name="testSuccessPattern" time="0.011" />
  <testcase classname="com.ibm.juno.server.tests.CT_TestRestClient" name="testFailurePattern" time="0.014" />
  <testcase classname="com.ibm.juno.server.tests.CT_TestRestClient" name="testCaptureResponse" time="0.01" />
  <testcase classname="com.ibm.juno.server.tests.CT_TestRestClient" name="testAddResponsePattern" time="0.021" />
  <testcase classname="com.ibm.juno.server.tests.CT_TestSerializers" name="test406" time="0.009" />
  <testcase classname="com.ibm.juno.server.tests.CT_TestSerializers" name="testSerializerOnMethod" time="0.005" />
  <testcase classname="com.ibm.juno.server.tests.CT_TestSerializers" name="testSerializerWithDifferentMediaTypes" time="0.007" />
  <testcase classname="com.ibm.juno.server.tests.CT_TestSerializers" name="testSerializerOnClass" time="0.008" />
  <testcase classname="com.ibm.juno.server.tests.CT_TestSerializers" name="testSerializerOverriddenOnMethod" time="0.007" />
  <testcase classname="com.ibm.juno.server.tests.CT_TestStaticFiles" name="testXdocs" time="0.015" />
  <testcase classname="com.ibm.juno.server.tests.CT_TestUris" name="testChild" time="0.061" />
  <testcase classname="com.ibm.juno.server.tests.CT_TestUris" name="testRoot" time="0.067" />
  <testcase classname="com.ibm.juno.server.tests.CT_TestUris" name="testGrandChild" time="0.054" />
  <testcase classname="com.ibm.juno.server.tests.CT_TestUrlContent" name="testInt" time="0.006" />
  <testcase classname="com.ibm.juno.server.tests.CT_TestUrlContent" name="testBean" time="0.009" />
  <testcase classname="com.ibm.juno.server.tests.CT_TestUrlContent" name="testEnum" time="0.007" />
  <testcase classname="com.ibm.juno.server.tests.CT_TestUrlContent" name="testString" time="0.007" />
  <testcase classname="com.ibm.juno.server.tests.CT_UrlPathPattern" name="testComparison" time="0.005" />
  <system-out><![CDATA[]]></system-out>
  <system-err><![CDATA[log4j:WARN No appenders could be found for logger (org.apache.http.client.protocol.RequestAddCookies).
log4j:WARN Please initialize the log4j system properly.
log4j:WARN See http://logging.apache.org/log4j/1.2/faq.html#noconfig for more info.
]]></system-err>
</testsuite>
