<?xml version="1.0" encoding="UTF-8" ?>
<testsuite errors="0" failures="0" hostname="SERIAL-R9039N1G" name="com.ibm.juno.core.test.AllTests" tests="2815" time="8.497" timestamp="2015-12-30T17:17:52">
  <properties>
[...]
</properties>
  <testcase classname="com.ibm.juno.core.test.CT_Annotations" name="testForOnlyPublicFields" time="0.462" />
  <testcase classname="com.ibm.juno.core.test.CT_Annotations" name="testBeanWithExplicitProperties" time="0.0" />
  <testcase classname="com.ibm.juno.core.test.CT_BeanContext" name="testNotABeanNonStaticInnerClass" time="0.0" />
  <testcase classname="com.ibm.juno.core.test.CT_BeanContext" name="testReadOnlyProperties" time="0.0" />
  <testcase classname="com.ibm.juno.core.test.CT_BeanContext" name="testClassClassMeta" time="0.01" />
  <testcase classname="com.ibm.juno.core.test.CT_BeanContext" name="testBasic" time="0.0" />
  <testcase classname="com.ibm.juno.core.test.CT_BeanContext" name="testEnums" time="0.0" />
  <testcase classname="com.ibm.juno.core.test.CT_BeanContext" name="testAddingToArrayProperty" time="0.07" />
  <testcase classname="com.ibm.juno.core.test.CT_BeanContext" name="testGetClassMetaFromString" time="0.0" />
  <testcase classname="com.ibm.juno.core.test.CT_BeanContext" name="testProxyHandler" time="0.0" />
  <testcase classname="com.ibm.juno.core.test.CT_BeanContext" name="testBeanContextConvertToType" time="0.08" />
  <testcase classname="com.ibm.juno.core.test.CT_BeanContext" name="testBlanks" time="0.0" />
  <testcase classname="com.ibm.juno.core.test.CT_BeanContext" name="testClassMetaCaching" time="0.02" />
  <testcase classname="com.ibm.juno.core.test.CT_BeanContext" name="testFluentStyleSetters" time="0.0" />
  <testcase classname="com.ibm.juno.core.test.CT_BeanFilter" name="testSubTypes" time="0.01" />
  <testcase classname="com.ibm.juno.core.test.CT_BeanFilter" name="testParentClassFilter2" time="0.0" />
  <testcase classname="com.ibm.juno.core.test.CT_BeanFilter" name="testParentClassFilter" time="0.0" />
  <testcase classname="com.ibm.juno.core.test.CT_BeanMap" name="testToLinkedListInteger" time="0.01" />
  <testcase classname="com.ibm.juno.core.test.CT_BeanMap" name="testAutomaticDetectionOfGenericTypes" time="0.0" />
  <testcase classname="com.ibm.juno.core.test.CT_BeanMap" name="testOverriddenPropertyTypes" time="0.0" />
  <testcase classname="com.ibm.juno.core.test.CT_BeanMap" name="testCollectionMethodProperties" time="0.01" />
  <testcase classname="com.ibm.juno.core.test.CT_BeanMap" name="testEnum" time="0.0" />
  <testcase classname="com.ibm.juno.core.test.CT_BeanMap" name="testPrimitiveMethodProperties" time="0.0" />
  <testcase classname="com.ibm.juno.core.test.CT_BeanMap" name="testPrimitiveFieldProperties" time="0.0" />
  <testcase classname="com.ibm.juno.core.test.CT_BeanMap" name="testOverridingDetectionOfGenericTypes2" time="0.013" />
  <testcase classname="com.ibm.juno.core.test.CT_BeanMap" name="testHiddenProperties" time="0.003" />
  <testcase classname="com.ibm.juno.core.test.CT_BeanMap" name="testCastToLinkedListUsingFilter" time="0.01" />
  <testcase classname="com.ibm.juno.core.test.CT_BeanMap" name="testCastToIntArray" time="0.002" />
  <testcase classname="com.ibm.juno.core.test.CT_BeanMap" name="testArrayPropertiesInObjectList" time="0.002" />
  <testcase classname="com.ibm.juno.core.test.CT_BeanMap" name="testSettingCollectionPropertyMultipleTimes" time="0.001" />
  <testcase classname="com.ibm.juno.core.test.CT_BeanMap" name="testCastWithNormalBean" time="0.001" />
  <testcase classname="com.ibm.juno.core.test.CT_BeanMap" name="testOverridingDetectionOfGenericTypes" time="0.002" />
  <testcase classname="com.ibm.juno.core.test.CT_BeanMap" name="testCastToLinkedListBean" time="0.003" />
  <testcase classname="com.ibm.juno.core.test.CT_BeanMap" name="testCastWithNestedBean" time="0.001" />
  <testcase classname="com.ibm.juno.core.test.CT_BeanMap" name="testInvokeMethod" time="0.001" />
  <testcase classname="com.ibm.juno.core.test.CT_BeanMap" name="testCastToInt2dArray" time="0.0" />
  <testcase classname="com.ibm.juno.core.test.CT_BeanMap" name="testGenericMethods" time="0.003" />
  <testcase classname="com.ibm.juno.core.test.CT_BeanMap" name="testCastToAnotherMapType" time="0.001" />
  <testcase classname="com.ibm.juno.core.test.CT_BeanMap" name="testGenericListSubclass" time="0.002" />
  <testcase classname="com.ibm.juno.core.test.CT_BeanMap" name="testPropertyNameFactoryDashedLC1" time="0.002" />
  <testcase classname="com.ibm.juno.core.test.CT_BeanMap" name="testPropertyNameFactoryDashedLC2" time="0.001" />
  <testcase classname="com.ibm.juno.core.test.CT_BeanMap" name="testIgnoreUnknownBeanPropertiesSetting" time="0.039" />
  <testcase classname="com.ibm.juno.core.test.CT_BeanMap" name="testCastToString2dArray" time="0.0" />
  <testcase classname="com.ibm.juno.core.test.CT_BeanMap" name="testBeanMethodOrder" time="0.002" />
  <testcase classname="com.ibm.juno.core.test.CT_BeanMap" name="testArrayProperties" time="0.002" />
  <testcase classname="com.ibm.juno.core.test.CT_BeanMap" name="testBeanPropertyAnnotation" time="0.004" />
  <testcase classname="com.ibm.juno.core.test.CT_BeanMap" name="testGenericFields" time="0.003" />
  <testcase classname="com.ibm.juno.core.test.CT_BeanMap" name="testBeanPropertyOrder" time="0.003" />
  <testcase classname="com.ibm.juno.core.test.CT_BeanMap" name="testBeanWithFluentStyleSetters" time="0.002" />
  <testcase classname="com.ibm.juno.core.test.CT_BeanMap" name="testCastToLinkedList" time="0.0" />
  <testcase classname="com.ibm.juno.core.test.CT_BeanMap" name="testCollectionFieldProperties" time="0.003" />
  <testcase classname="com.ibm.juno.core.test.CT_BeanMap" name="testCastToStringArray" time="0.001" />
  <testcase classname="com.ibm.juno.core.test.CT_ClassMeta" name="testMap" time="0.0" />
  <testcase classname="com.ibm.juno.core.test.CT_ClassMeta" name="testFilters" time="0.007" />
  <testcase classname="com.ibm.juno.core.test.CT_ClassMeta" name="testListWithUpperBoundGenericEntryTypes" time="0.0" />
  <testcase classname="com.ibm.juno.core.test.CT_ClassMeta" name="testBeanExtendsMap" time="0.001" />
  <testcase classname="com.ibm.juno.core.test.CT_ClassMeta" name="testMapWithMapValues" time="0.0" />
  <testcase classname="com.ibm.juno.core.test.CT_ClassMeta" name="testListWithMapValues" time="0.0" />
  <testcase classname="com.ibm.juno.core.test.CT_ClassMeta" name="testString" time="0.0" />
  <testcase classname="com.ibm.juno.core.test.CT_DataConversionTest" name="testBasic" time="0.003" />
  <testcase classname="com.ibm.juno.core.test.CT_DataConversionTest" name="testObjectFilters" time="0.003" />
  <testcase classname="com.ibm.juno.core.test.CT_IgnoredClasses" name="testFilesRenderedAsStrings" time="0.002" />
  <testcase classname="com.ibm.juno.core.test.CT_IgnoredClasses" name="testIgnorePackages" time="0.004" />
  <testcase classname="com.ibm.juno.core.test.CT_JacocoDummy" name="accessPrivateConstructorsOnStaticUtilityClasses" time="0.001" />
  <testcase classname="com.ibm.juno.core.test.CT_ObjectList" name="testIterateAs" time="0.002" />
  <testcase classname="com.ibm.juno.core.test.CT_ObjectList" name="testBasic" time="0.0" />
  <testcase classname="com.ibm.juno.core.test.CT_ObjectMap" name="testComparison" time="0.001" />
  <testcase classname="com.ibm.juno.core.test.CT_ObjectMap" name="testBasic" time="0.011" />
  <testcase classname="com.ibm.juno.core.test.CT_ObjectMap" name="testUpdatability" time="0.001" />
  <testcase classname="com.ibm.juno.core.test.CT_ObjectMap" name="testParent" time="0.0" />
  <testcase classname="com.ibm.juno.core.test.CT_ParserGenerics" name="testMap" time="0.001" />
  <testcase classname="com.ibm.juno.core.test.CT_ParserGenerics" name="testCollection" time="0.004" />
  <testcase classname="com.ibm.juno.core.test.CT_ParserReader" name="testBasic" time="0.0" />
  <testcase classname="com.ibm.juno.core.test.CT_ParserReader" name="testMarking" time="0.0" />
  <testcase classname="com.ibm.juno.core.test.CT_ParserReader" name="testReplace" time="0.0" />
  <testcase classname="com.ibm.juno.core.test.CT_ParserReader" name="testReadStrings" time="0.0" />
  <testcase classname="com.ibm.juno.core.test.CT_ParserReader" name="testDelete" time="0.0" />
  <testcase classname="com.ibm.juno.core.test.CT_PropertyNamerDashedLC" name="test" time="0.0" />
  <testcase classname="com.ibm.juno.core.test.CT_Visibility" name="testClassDefault" time="0.036" />
  <testcase classname="com.ibm.juno.core.test.a.rttests.CT_RoundTripAddClassAttrs" name="testBeanWithListProps[0]" time="0.006" />
  <testcase classname="com.ibm.juno.core.test.a.rttests.CT_RoundTripAddClassAttrs" name="testMapsWithTypeParams[0]" time="0.003" />
  <testcase classname="com.ibm.juno.core.test.a.rttests.CT_RoundTripAddClassAttrs" name="testBeanWithListOfArraysProps[0]" time="0.005" />
  <testcase classname="com.ibm.juno.core.test.a.rttests.CT_RoundTripAddClassAttrs" name="testBeanArray[0]" time="0.001" />
  <testcase classname="com.ibm.juno.core.test.a.rttests.CT_RoundTripAddClassAttrs" name="testBean[0]" time="0.001" />
  <testcase classname="com.ibm.juno.core.test.a.rttests.CT_RoundTripAddClassAttrs" name="testMapsWithoutTypeParams[0]" time="0.003" />
  <testcase classname="com.ibm.juno.core.test.a.rttests.CT_RoundTripAddClassAttrs" name="testBeanWithBeanProps[0]" time="0.002" />
  <testcase classname="com.ibm.juno.core.test.a.rttests.CT_RoundTripAddClassAttrs" name="testBeanWithListProps[1]" time="0.002" />
  <testcase classname="com.ibm.juno.core.test.a.rttests.CT_RoundTripAddClassAttrs" name="testMapsWithTypeParams[1]" time="0.001" />
  <testcase classname="com.ibm.juno.core.test.a.rttests.CT_RoundTripAddClassAttrs" name="testBeanWithListOfArraysProps[1]" time="0.002" />
  <testcase classname="com.ibm.juno.core.test.a.rttests.CT_RoundTripAddClassAttrs" name="testBeanArray[1]" time="0.001" />
  <testcase classname="com.ibm.juno.core.test.a.rttests.CT_RoundTripAddClassAttrs" name="testBean[1]" time="0.001" />
  <testcase classname="com.ibm.juno.core.test.a.rttests.CT_RoundTripAddClassAttrs" name="testMapsWithoutTypeParams[1]" time="0.001" />
  <testcase classname="com.ibm.juno.core.test.a.rttests.CT_RoundTripAddClassAttrs" name="testBeanWithBeanProps[1]" time="0.001" />
  <testcase classname="com.ibm.juno.core.test.a.rttests.CT_RoundTripAddClassAttrs" name="testBeanWithListProps[2]" time="0.001" />
  <testcase classname="com.ibm.juno.core.test.a.rttests.CT_RoundTripAddClassAttrs" name="testMapsWithTypeParams[2]" time="0.0" />
  <testcase classname="com.ibm.juno.core.test.a.rttests.CT_RoundTripAddClassAttrs" name="testBeanWithListOfArraysProps[2]" time="0.002" />
  <testcase classname="com.ibm.juno.core.test.a.rttests.CT_RoundTripAddClassAttrs" name="testBeanArray[2]" time="0.001" />
  <testcase classname="com.ibm.juno.core.test.a.rttests.CT_RoundTripAddClassAttrs" name="testBean[2]" time="0.0" />
  <testcase classname="com.ibm.juno.core.test.a.rttests.CT_RoundTripAddClassAttrs" name="testMapsWithoutTypeParams[2]" time="0.001" />
  <testcase classname="com.ibm.juno.core.test.a.rttests.CT_RoundTripAddClassAttrs" name="testBeanWithBeanProps[2]" time="0.001" />
  <testcase classname="com.ibm.juno.core.test.a.rttests.CT_RoundTripAddClassAttrs" name="testBeanWithListProps[3]" time="0.059" />
  <testcase classname="com.ibm.juno.core.test.a.rttests.CT_RoundTripAddClassAttrs" name="testMapsWithTypeParams[3]" time="0.01" />
  <testcase classname="com.ibm.juno.core.test.a.rttests.CT_RoundTripAddClassAttrs" name="testBeanWithListOfArraysProps[3]" time="0.04" />
  <testcase classname="com.ibm.juno.core.test.a.rttests.CT_RoundTripAddClassAttrs" name="testBeanArray[3]" time="0.03" />
  <testcase classname="com.ibm.juno.core.test.a.rttests.CT_RoundTripAddClassAttrs" name="testBean[3]" time="0.01" />
  <testcase classname="com.ibm.juno.core.test.a.rttests.CT_RoundTripAddClassAttrs" name="testMapsWithoutTypeParams[3]" time="0.02" />
  <testcase classname="com.ibm.juno.core.test.a.rttests.CT_RoundTripAddClassAttrs" name="testBeanWithBeanProps[3]" time="0.01" />
  <testcase classname="com.ibm.juno.core.test.a.rttests.CT_RoundTripAddClassAttrs" name="testBeanWithListProps[4]" time="0.01" />
  <testcase classname="com.ibm.juno.core.test.a.rttests.CT_RoundTripAddClassAttrs" name="testMapsWithTypeParams[4]" time="0.01" />
  <testcase classname="com.ibm.juno.core.test.a.rttests.CT_RoundTripAddClassAttrs" name="testBeanWithListOfArraysProps[4]" time="0.0" />
  <testcase classname="com.ibm.juno.core.test.a.rttests.CT_RoundTripAddClassAttrs" name="testBeanArray[4]" time="0.0" />
  <testcase classname="com.ibm.juno.core.test.a.rttests.CT_RoundTripAddClassAttrs" name="testBean[4]" time="0.0" />
  <testcase classname="com.ibm.juno.core.test.a.rttests.CT_RoundTripAddClassAttrs" name="testMapsWithoutTypeParams[4]" time="0.01" />
  <testcase classname="com.ibm.juno.core.test.a.rttests.CT_RoundTripAddClassAttrs" name="testBeanWithBeanProps[4]" time="0.01" />
  <testcase classname="com.ibm.juno.core.test.a.rttests.CT_RoundTripAddClassAttrs" name="testBeanWithListProps[5]" time="0.0" />
  <testcase classname="com.ibm.juno.core.test.a.rttests.CT_RoundTripAddClassAttrs" name="testMapsWithTypeParams[5]" time="0.0" />
  <testcase classname="com.ibm.juno.core.test.a.rttests.CT_RoundTripAddClassAttrs" name="testBeanWithListOfArraysProps[5]" time="0.0" />
  <testcase classname="com.ibm.juno.core.test.a.rttests.CT_RoundTripAddClassAttrs" name="testBeanArray[5]" time="0.0" />
  <testcase classname="com.ibm.juno.core.test.a.rttests.CT_RoundTripAddClassAttrs" name="testBean[5]" time="0.0" />
  <testcase classname="com.ibm.juno.core.test.a.rttests.CT_RoundTripAddClassAttrs" name="testMapsWithoutTypeParams[5]" time="0.01" />
  <testcase classname="com.ibm.juno.core.test.a.rttests.CT_RoundTripAddClassAttrs" name="testBeanWithBeanProps[5]" time="0.0" />
  <testcase classname="com.ibm.juno.core.test.a.rttests.CT_RoundTripAddClassAttrs" name="testBeanWithListProps[6]" time="0.0" />
  <testcase classname="com.ibm.juno.core.test.a.rttests.CT_RoundTripAddClassAttrs" name="testMapsWithTypeParams[6]" time="0.0" />
  <testcase classname="com.ibm.juno.core.test.a.rttests.CT_RoundTripAddClassAttrs" name="testBeanWithListOfArraysProps[6]" time="0.0" />
  <testcase classname="com.ibm.juno.core.test.a.rttests.CT_RoundTripAddClassAttrs" name="testBeanArray[6]" time="0.0" />
  <testcase classname="com.ibm.juno.core.test.a.rttests.CT_RoundTripAddClassAttrs" name="testBean[6]" time="0.0" />
  <testcase classname="com.ibm.juno.core.test.a.rttests.CT_RoundTripAddClassAttrs" name="testMapsWithoutTypeParams[6]" time="0.0" />
  <testcase classname="com.ibm.juno.core.test.a.rttests.CT_RoundTripAddClassAttrs" name="testBeanWithBeanProps[6]" time="0.0" />
  <testcase classname="com.ibm.juno.core.test.a.rttests.CT_RoundTripAddClassAttrs" name="testBeanWithListProps[7]" time="0.0" />
  <testcase classname="com.ibm.juno.core.test.a.rttests.CT_RoundTripAddClassAttrs" name="testMapsWithTypeParams[7]" time="0.0" />
  <testcase classname="com.ibm.juno.core.test.a.rttests.CT_RoundTripAddClassAttrs" name="testBeanWithListOfArraysProps[7]" time="0.0" />
  <testcase classname="com.ibm.juno.core.test.a.rttests.CT_RoundTripAddClassAttrs" name="testBeanArray[7]" time="0.0" />
  <testcase classname="com.ibm.juno.core.test.a.rttests.CT_RoundTripAddClassAttrs" name="testBean[7]" time="0.0" />
  <testcase classname="com.ibm.juno.core.test.a.rttests.CT_RoundTripAddClassAttrs" name="testMapsWithoutTypeParams[7]" time="0.0" />
  <testcase classname="com.ibm.juno.core.test.a.rttests.CT_RoundTripAddClassAttrs" name="testBeanWithBeanProps[7]" time="0.0" />
  <testcase classname="com.ibm.juno.core.test.a.rttests.CT_RoundTripAddClassAttrs" name="testBeanWithListProps[8]" time="0.19" />
  <testcase classname="com.ibm.juno.core.test.a.rttests.CT_RoundTripAddClassAttrs" name="testMapsWithTypeParams[8]" time="0.01" />
  <testcase classname="com.ibm.juno.core.test.a.rttests.CT_RoundTripAddClassAttrs" name="testBeanWithListOfArraysProps[8]" time="0.01" />
  <testcase classname="com.ibm.juno.core.test.a.rttests.CT_RoundTripAddClassAttrs" name="testBeanArray[8]" time="0.01" />
  <testcase classname="com.ibm.juno.core.test.a.rttests.CT_RoundTripAddClassAttrs" name="testBean[8]" time="0.01" />
  <testcase classname="com.ibm.juno.core.test.a.rttests.CT_RoundTripAddClassAttrs" name="testMapsWithoutTypeParams[8]" time="0.01" />
  <testcase classname="com.ibm.juno.core.test.a.rttests.CT_RoundTripAddClassAttrs" name="testBeanWithBeanProps[8]" time="0.01" />
  <testcase classname="com.ibm.juno.core.test.a.rttests.CT_RoundTripBeanInheritance" name="testBeanInheritance[0]" time="0.0" />
  <testcase classname="com.ibm.juno.core.test.a.rttests.CT_RoundTripBeanInheritance" name="testBeanInheritance2[0]" time="0.0" />
  <testcase classname="com.ibm.juno.core.test.a.rttests.CT_RoundTripBeanInheritance" name="testBeanInheritance[1]" time="0.0" />
  <testcase classname="com.ibm.juno.core.test.a.rttests.CT_RoundTripBeanInheritance" name="testBeanInheritance2[1]" time="0.0" />
  <testcase classname="com.ibm.juno.core.test.a.rttests.CT_RoundTripBeanInheritance" name="testBeanInheritance[2]" time="0.01" />
  <testcase classname="com.ibm.juno.core.test.a.rttests.CT_RoundTripBeanInheritance" name="testBeanInheritance2[2]" time="0.0" />
  <testcase classname="com.ibm.juno.core.test.a.rttests.CT_RoundTripBeanInheritance" name="testBeanInheritance[3]" time="0.01" />
  <testcase classname="com.ibm.juno.core.test.a.rttests.CT_RoundTripBeanInheritance" name="testBeanInheritance2[3]" time="0.01" />
  <testcase classname="com.ibm.juno.core.test.a.rttests.CT_RoundTripBeanInheritance" name="testBeanInheritance[4]" time="0.0" />
  <testcase classname="com.ibm.juno.core.test.a.rttests.CT_RoundTripBeanInheritance" name="testBeanInheritance2[4]" time="0.0" />
  <testcase classname="com.ibm.juno.core.test.a.rttests.CT_RoundTripBeanInheritance" name="testBeanInheritance[5]" time="0.0" />
  <testcase classname="com.ibm.juno.core.test.a.rttests.CT_RoundTripBeanInheritance" name="testBeanInheritance2[5]" time="0.0" />
  <testcase classname="com.ibm.juno.core.test.a.rttests.CT_RoundTripBeanInheritance" name="testBeanInheritance[6]" time="0.0" />
  <testcase classname="com.ibm.juno.core.test.a.rttests.CT_RoundTripBeanInheritance" name="testBeanInheritance2[6]" time="0.0" />
  <testcase classname="com.ibm.juno.core.test.a.rttests.CT_RoundTripBeanInheritance" name="testBeanInheritance[7]" time="0.0" />
  <testcase classname="com.ibm.juno.core.test.a.rttests.CT_RoundTripBeanInheritance" name="testBeanInheritance2[7]" time="0.0" />
  <testcase classname="com.ibm.juno.core.test.a.rttests.CT_RoundTripBeanInheritance" name="testBeanInheritance[8]" time="0.0" />
  <testcase classname="com.ibm.juno.core.test.a.rttests.CT_RoundTripBeanInheritance" name="testBeanInheritance2[8]" time="0.0" />
  <testcase classname="com.ibm.juno.core.test.a.rttests.CT_RoundTripBeanInheritance" name="testBeanInheritance[9]" time="0.0" />
  <testcase classname="com.ibm.juno.core.test.a.rttests.CT_RoundTripBeanInheritance" name="testBeanInheritance2[9]" time="0.0" />
  <testcase classname="com.ibm.juno.core.test.a.rttests.CT_RoundTripBeanInheritance" name="testBeanInheritance[10]" time="0.0" />
  <testcase classname="com.ibm.juno.core.test.a.rttests.CT_RoundTripBeanInheritance" name="testBeanInheritance2[10]" time="0.0" />
  <testcase classname="com.ibm.juno.core.test.a.rttests.CT_RoundTripBeanInheritance" name="testBeanInheritance[11]" time="0.0" />
  <testcase classname="com.ibm.juno.core.test.a.rttests.CT_RoundTripBeanInheritance" name="testBeanInheritance2[11]" time="0.0" />
  <testcase classname="com.ibm.juno.core.test.a.rttests.CT_RoundTripBeanInheritance" name="testBeanInheritance[12]" time="0.0" />
  <testcase classname="com.ibm.juno.core.test.a.rttests.CT_RoundTripBeanInheritance" name="testBeanInheritance2[12]" time="0.0" />
  <testcase classname="com.ibm.juno.core.test.a.rttests.CT_RoundTripBeanInheritance" name="testBeanInheritance[13]" time="0.01" />
  <testcase classname="com.ibm.juno.core.test.a.rttests.CT_RoundTripBeanInheritance" name="testBeanInheritance2[13]" time="0.01" />
  <testcase classname="com.ibm.juno.core.test.a.rttests.CT_RoundTripBeanInheritance" name="testBeanInheritance[14]" time="0.01" />
  <testcase classname="com.ibm.juno.core.test.a.rttests.CT_RoundTripBeanInheritance" name="testBeanInheritance2[14]" time="0.01" />
  <testcase classname="com.ibm.juno.core.test.a.rttests.CT_RoundTripBeanInheritance" name="testBeanInheritance[15]" time="0.01" />
  <testcase classname="com.ibm.juno.core.test.a.rttests.CT_RoundTripBeanInheritance" name="testBeanInheritance2[15]" time="0.0" />
  <testcase classname="com.ibm.juno.core.test.a.rttests.CT_RoundTripBeanInheritance" name="testBeanInheritance[16]" time="0.0" />
  <testcase classname="com.ibm.juno.core.test.a.rttests.CT_RoundTripBeanInheritance" name="testBeanInheritance2[16]" time="0.0" />
  <testcase classname="com.ibm.juno.core.test.a.rttests.CT_RoundTripBeanInheritance" name="testBeanInheritance[17]" time="0.0" />
  <testcase classname="com.ibm.juno.core.test.a.rttests.CT_RoundTripBeanInheritance" name="testBeanInheritance2[17]" time="0.01" />
  <testcase classname="com.ibm.juno.core.test.a.rttests.CT_RoundTripBeanInheritance" name="testBeanInheritance[18]" time="0.0" />
  <testcase classname="com.ibm.juno.core.test.a.rttests.CT_RoundTripBeanInheritance" name="testBeanInheritance2[18]" time="0.01" />
  <testcase classname="com.ibm.juno.core.test.a.rttests.CT_RoundTripBeanInheritance" name="testBeanInheritance[19]" time="0.0" />
  <testcase classname="com.ibm.juno.core.test.a.rttests.CT_RoundTripBeanInheritance" name="testBeanInheritance2[19]" time="0.0" />
  <testcase classname="com.ibm.juno.core.test.a.rttests.CT_RoundTripBeanMaps" name="testInterfaceClassUsingAnnotation[0]" time="0.0" />
  <testcase classname="com.ibm.juno.core.test.a.rttests.CT_RoundTripBeanMaps" name="testBeanPropertyPrecedence[0]" time="0.0" />
  <testcase classname="com.ibm.juno.core.test.a.rttests.CT_RoundTripBeanMaps" name="testSubTypePropertyWithRealPropertyUsingBeanFilter[0]" time="0.01" />
  <testcase classname="com.ibm.juno.core.test.a.rttests.CT_RoundTripBeanMaps" name="testSubTypePropertyWithRealPropertyUsingAnnotation[0]" time="0.0" />
  <testcase classname="com.ibm.juno.core.test.a.rttests.CT_RoundTripBeanMaps" name="testImplArrayClasses[0]" time="0.0" />
  <testcase classname="com.ibm.juno.core.test.a.rttests.CT_RoundTripBeanMaps" name="testMemberClassWithMapClass[0]" time="0.0" />
  <testcase classname="com.ibm.juno.core.test.a.rttests.CT_RoundTripBeanMaps" name="testMemberClassWithStringConstructor[0]" time="0.01" />
  <testcase classname="com.ibm.juno.core.test.a.rttests.CT_RoundTripBeanMaps" name="testImplMap2[0]" time="0.0" />
  <testcase classname="com.ibm.juno.core.test.a.rttests.CT_RoundTripBeanMaps" name="testMemberClass[0]" time="0.0" />
  <testcase classname="com.ibm.juno.core.test.a.rttests.CT_RoundTripBeanMaps" name="testInterfaceClassUsingFilter[0]" time="0.01" />
  <testcase classname="com.ibm.juno.core.test.a.rttests.CT_RoundTripBeanMaps" name="testExcludePropertiesUsingAnnotation[0]" time="0.001" />
  <testcase classname="com.ibm.juno.core.test.a.rttests.CT_RoundTripBeanMaps" name="testImplClasses[0]" time="0.0" />
  <testcase classname="com.ibm.juno.core.test.a.rttests.CT_RoundTripBeanMaps" name="testImplListClasses[0]" time="0.009" />
  <testcase classname="com.ibm.juno.core.test.a.rttests.CT_RoundTripBeanMaps" name="testWrapperAttrAnnotationOnNonBean[0]" time="0.004" />
  <testcase classname="com.ibm.juno.core.test.a.rttests.CT_RoundTripBeanMaps" name="testWrapperAttrAnnotationOnBean[0]" time="0.004" />
  <testcase classname="com.ibm.juno.core.test.a.rttests.CT_RoundTripBeanMaps" name="testExcludePropertiesUsingFilter[0]" time="0.009" />
  <testcase classname="com.ibm.juno.core.test.a.rttests.CT_RoundTripBeanMaps" name="testImplMap[0]" time="0.003" />
  <testcase classname="com.ibm.juno.core.test.a.rttests.CT_RoundTripBeanMaps" name="testSubTypesUsingBeanFilter[0]" time="0.012" />
  <testcase classname="com.ibm.juno.core.test.a.rttests.CT_RoundTripBeanMaps" name="testPropertiesUsingAnnotation[0]" time="0.001" />
  <testcase classname="com.ibm.juno.core.test.a.rttests.CT_RoundTripBeanMaps" name="testParsingIntoTopLevelNonStaticInnerClasses[0]" time="0.002" />
  <testcase classname="com.ibm.juno.core.test.a.rttests.CT_RoundTripBeanMaps" name="testSubTypesUsingAnnotation[0]" time="0.007" />
  <testcase classname="com.ibm.juno.core.test.a.rttests.CT_RoundTripBeanMaps" name="testPropertiesUsingFilter[0]" time="0.004" />
  <testcase classname="com.ibm.juno.core.test.a.rttests.CT_RoundTripBeanMaps" name="testMemberClassWithListClass[0]" time="0.003" />
  <testcase classname="com.ibm.juno.core.test.a.rttests.CT_RoundTripBeanMaps" name="testInterfaceClassUsingAnnotation[1]" time="0.001" />
  <testcase classname="com.ibm.juno.core.test.a.rttests.CT_RoundTripBeanMaps" name="testBeanPropertyPrecedence[1]" time="0.0" />
  <testcase classname="com.ibm.juno.core.test.a.rttests.CT_RoundTripBeanMaps" name="testSubTypePropertyWithRealPropertyUsingBeanFilter[1]" time="0.0" />
  <testcase classname="com.ibm.juno.core.test.a.rttests.CT_RoundTripBeanMaps" name="testSubTypePropertyWithRealPropertyUsingAnnotation[1]" time="0.001" />
  <testcase classname="com.ibm.juno.core.test.a.rttests.CT_RoundTripBeanMaps" name="testImplArrayClasses[1]" time="0.001" />
  <testcase classname="com.ibm.juno.core.test.a.rttests.CT_RoundTripBeanMaps" name="testMemberClassWithMapClass[1]" time="0.0" />
  <testcase classname="com.ibm.juno.core.test.a.rttests.CT_RoundTripBeanMaps" name="testMemberClassWithStringConstructor[1]" time="0.0" />
  <testcase classname="com.ibm.juno.core.test.a.rttests.CT_RoundTripBeanMaps" name="testImplMap2[1]" time="0.0" />
  <testcase classname="com.ibm.juno.core.test.a.rttests.CT_RoundTripBeanMaps" name="testMemberClass[1]" time="0.0" />
  <testcase classname="com.ibm.juno.core.test.a.rttests.CT_RoundTripBeanMaps" name="testInterfaceClassUsingFilter[1]" time="0.001" />
  <testcase classname="com.ibm.juno.core.test.a.rttests.CT_RoundTripBeanMaps" name="testExcludePropertiesUsingAnnotation[1]" time="0.001" />
  <testcase classname="com.ibm.juno.core.test.a.rttests.CT_RoundTripBeanMaps" name="testImplClasses[1]" time="0.0" />
  <testcase classname="com.ibm.juno.core.test.a.rttests.CT_RoundTripBeanMaps" name="testImplListClasses[1]" time="0.001" />
  <testcase classname="com.ibm.juno.core.test.a.rttests.CT_RoundTripBeanMaps" name="testWrapperAttrAnnotationOnNonBean[1]" time="0.001" />
  <testcase classname="com.ibm.juno.core.test.a.rttests.CT_RoundTripBeanMaps" name="testWrapperAttrAnnotationOnBean[1]" time="0.0" />
  <testcase classname="com.ibm.juno.core.test.a.rttests.CT_RoundTripBeanMaps" name="testExcludePropertiesUsingFilter[1]" time="0.0" />
  <testcase classname="com.ibm.juno.core.test.a.rttests.CT_RoundTripBeanMaps" name="testImplMap[1]" time="0.0" />
  <testcase classname="com.ibm.juno.core.test.a.rttests.CT_RoundTripBeanMaps" name="testSubTypesUsingBeanFilter[1]" time="0.002" />
  <testcase classname="com.ibm.juno.core.test.a.rttests.CT_RoundTripBeanMaps" name="testPropertiesUsingAnnotation[1]" time="0.001" />
  <testcase classname="com.ibm.juno.core.test.a.rttests.CT_RoundTripBeanMaps" name="testParsingIntoTopLevelNonStaticInnerClasses[1]" time="0.0" />
  <testcase classname="com.ibm.juno.core.test.a.rttests.CT_RoundTripBeanMaps" name="testSubTypesUsingAnnotation[1]" time="0.001" />
  <testcase classname="com.ibm.juno.core.test.a.rttests.CT_RoundTripBeanMaps" name="testPropertiesUsingFilter[1]" time="0.0" />
  <testcase classname="com.ibm.juno.core.test.a.rttests.CT_RoundTripBeanMaps" name="testMemberClassWithListClass[1]" time="0.0" />
  <testcase classname="com.ibm.juno.core.test.a.rttests.CT_RoundTripBeanMaps" name="testInterfaceClassUsingAnnotation[2]" time="0.0" />
  <testcase classname="com.ibm.juno.core.test.a.rttests.CT_RoundTripBeanMaps" name="testBeanPropertyPrecedence[2]" time="0.0" />
  <testcase classname="com.ibm.juno.core.test.a.rttests.CT_RoundTripBeanMaps" name="testSubTypePropertyWithRealPropertyUsingBeanFilter[2]" time="0.0" />
  <testcase classname="com.ibm.juno.core.test.a.rttests.CT_RoundTripBeanMaps" name="testSubTypePropertyWithRealPropertyUsingAnnotation[2]" time="0.0" />
  <testcase classname="com.ibm.juno.core.test.a.rttests.CT_RoundTripBeanMaps" name="testImplArrayClasses[2]" time="0.0" />
  <testcase classname="com.ibm.juno.core.test.a.rttests.CT_RoundTripBeanMaps" name="testMemberClassWithMapClass[2]" time="0.0" />
  <testcase classname="com.ibm.juno.core.test.a.rttests.CT_RoundTripBeanMaps" name="testMemberClassWithStringConstructor[2]" time="0.0" />
  <testcase classname="com.ibm.juno.core.test.a.rttests.CT_RoundTripBeanMaps" name="testImplMap2[2]" time="0.0" />
  <testcase classname="com.ibm.juno.core.test.a.rttests.CT_RoundTripBeanMaps" name="testMemberClass[2]" time="0.0" />
  <testcase classname="com.ibm.juno.core.test.a.rttests.CT_RoundTripBeanMaps" name="testInterfaceClassUsingFilter[2]" time="0.01" />
  <testcase classname="com.ibm.juno.core.test.a.rttests.CT_RoundTripBeanMaps" name="testExcludePropertiesUsingAnnotation[2]" time="0.0" />
  <testcase classname="com.ibm.juno.core.test.a.rttests.CT_RoundTripBeanMaps" name="testImplClasses[2]" time="0.0" />
  <testcase classname="com.ibm.juno.core.test.a.rttests.CT_RoundTripBeanMaps" name="testImplListClasses[2]" time="0.0" />
  <testcase classname="com.ibm.juno.core.test.a.rttests.CT_RoundTripBeanMaps" name="testWrapperAttrAnnotationOnNonBean[2]" time="0.0" />
  <testcase classname="com.ibm.juno.core.test.a.rttests.CT_RoundTripBeanMaps" name="testWrapperAttrAnnotationOnBean[2]" time="0.0" />
  <testcase classname="com.ibm.juno.core.test.a.rttests.CT_RoundTripBeanMaps" name="testExcludePropertiesUsingFilter[2]" time="0.0" />
  <testcase classname="com.ibm.juno.core.test.a.rttests.CT_RoundTripBeanMaps" name="testImplMap[2]" time="0.0" />
  <testcase classname="com.ibm.juno.core.test.a.rttests.CT_RoundTripBeanMaps" name="testSubTypesUsingBeanFilter[2]" time="0.0" />
  <testcase classname="com.ibm.juno.core.test.a.rttests.CT_RoundTripBeanMaps" name="testPropertiesUsingAnnotation[2]" time="0.0" />
  <testcase classname="com.ibm.juno.core.test.a.rttests.CT_RoundTripBeanMaps" name="testParsingIntoTopLevelNonStaticInnerClasses[2]" time="0.0" />
  <testcase classname="com.ibm.juno.core.test.a.rttests.CT_RoundTripBeanMaps" name="testSubTypesUsingAnnotation[2]" time="0.0" />
  <testcase classname="com.ibm.juno.core.test.a.rttests.CT_RoundTripBeanMaps" name="testPropertiesUsingFilter[2]" time="0.0" />
  <testcase classname="com.ibm.juno.core.test.a.rttests.CT_RoundTripBeanMaps" name="testMemberClassWithListClass[2]" time="0.0" />
  <testcase classname="com.ibm.juno.core.test.a.rttests.CT_RoundTripBeanMaps" name="testInterfaceClassUsingAnnotation[3]" time="0.0" />
  <testcase classname="com.ibm.juno.core.test.a.rttests.CT_RoundTripBeanMaps" name="testBeanPropertyPrecedence[3]" time="0.01" />
  <testcase classname="com.ibm.juno.core.test.a.rttests.CT_RoundTripBeanMaps" name="testSubTypePropertyWithRealPropertyUsingBeanFilter[3]" time="0.0" />
  <testcase classname="com.ibm.juno.core.test.a.rttests.CT_RoundTripBeanMaps" name="testSubTypePropertyWithRealPropertyUsingAnnotation[3]" time="0.0" />
  <testcase classname="com.ibm.juno.core.test.a.rttests.CT_RoundTripBeanMaps" name="testImplArrayClasses[3]" time="0.02" />
  <testcase classname="com.ibm.juno.core.test.a.rttests.CT_RoundTripBeanMaps" name="testMemberClassWithMapClass[3]" time="0.0" />
  <testcase classname="com.ibm.juno.core.test.a.rttests.CT_RoundTripBeanMaps" name="testMemberClassWithStringConstructor[3]" time="0.01" />
  <testcase classname="com.ibm.juno.core.test.a.rttests.CT_RoundTripBeanMaps" name="testImplMap2[3]" time="0.0" />
  <testcase classname="com.ibm.juno.core.test.a.rttests.CT_RoundTripBeanMaps" name="testMemberClass[3]" time="0.01" />
  <testcase classname="com.ibm.juno.core.test.a.rttests.CT_RoundTripBeanMaps" name="testInterfaceClassUsingFilter[3]" time="0.0" />
  <testcase classname="com.ibm.juno.core.test.a.rttests.CT_RoundTripBeanMaps" name="testExcludePropertiesUsingAnnotation[3]" time="0.0" />
  <testcase classname="com.ibm.juno.core.test.a.rttests.CT_RoundTripBeanMaps" name="testImplClasses[3]" time="0.02" />
  <testcase classname="com.ibm.juno.core.test.a.rttests.CT_RoundTripBeanMaps" name="testImplListClasses[3]" time="0.02" />
  <testcase classname="com.ibm.juno.core.test.a.rttests.CT_RoundTripBeanMaps" name="testWrapperAttrAnnotationOnNonBean[3]" time="0.01" />
  <testcase classname="com.ibm.juno.core.test.a.rttests.CT_RoundTripBeanMaps" name="testWrapperAttrAnnotationOnBean[3]" time="0.01" />
  <testcase classname="com.ibm.juno.core.test.a.rttests.CT_RoundTripBeanMaps" name="testExcludePropertiesUsingFilter[3]" time="0.0" />
  <testcase classname="com.ibm.juno.core.test.a.rttests.CT_RoundTripBeanMaps" name="testImplMap[3]" time="0.03" />
  <testcase classname="com.ibm.juno.core.test.a.rttests.CT_RoundTripBeanMaps" name="testSubTypesUsingBeanFilter[3]" time="0.0" />
  <testcase classname="com.ibm.juno.core.test.a.rttests.CT_RoundTripBeanMaps" name="testPropertiesUsingAnnotation[3]" time="0.0" />
  <testcase classname="com.ibm.juno.core.test.a.rttests.CT_RoundTripBeanMaps" name="testParsingIntoTopLevelNonStaticInnerClasses[3]" time="0.0" />
  <testcase classname="com.ibm.juno.core.test.a.rttests.CT_RoundTripBeanMaps" name="testSubTypesUsingAnnotation[3]" time="0.01" />
  <testcase classname="com.ibm.juno.core.test.a.rttests.CT_RoundTripBeanMaps" name="testPropertiesUsingFilter[3]" time="0.0" />
  <testcase classname="com.ibm.juno.core.test.a.rttests.CT_RoundTripBeanMaps" name="testMemberClassWithListClass[3]" time="0.01" />
  <testcase classname="com.ibm.juno.core.test.a.rttests.CT_RoundTripBeanMaps" name="testInterfaceClassUsingAnnotation[4]" time="0.0" />
  <testcase classname="com.ibm.juno.core.test.a.rttests.CT_RoundTripBeanMaps" name="testBeanPropertyPrecedence[4]" time="0.0" />
  <testcase classname="com.ibm.juno.core.test.a.rttests.CT_RoundTripBeanMaps" name="testSubTypePropertyWithRealPropertyUsingBeanFilter[4]" time="0.0" />
  <testcase classname="com.ibm.juno.core.test.a.rttests.CT_RoundTripBeanMaps" name="testSubTypePropertyWithRealPropertyUsingAnnotation[4]" time="0.0" />
  <testcase classname="com.ibm.juno.core.test.a.rttests.CT_RoundTripBeanMaps" name="testImplArrayClasses[4]" time="0.0" />
  <testcase classname="com.ibm.juno.core.test.a.rttests.CT_RoundTripBeanMaps" name="testMemberClassWithMapClass[4]" time="0.0" />
  <testcase classname="com.ibm.juno.core.test.a.rttests.CT_RoundTripBeanMaps" name="testMemberClassWithStringConstructor[4]" time="0.01" />
  <testcase classname="com.ibm.juno.core.test.a.rttests.CT_RoundTripBeanMaps" name="testImplMap2[4]" time="0.0" />
  <testcase classname="com.ibm.juno.core.test.a.rttests.CT_RoundTripBeanMaps" name="testMemberClass[4]" time="0.0" />
  <testcase classname="com.ibm.juno.core.test.a.rttests.CT_RoundTripBeanMaps" name="testInterfaceClassUsingFilter[4]" time="0.0" />
  <testcase classname="com.ibm.juno.core.test.a.rttests.CT_RoundTripBeanMaps" name="testExcludePropertiesUsingAnnotation[4]" time="0.0" />
  <testcase classname="com.ibm.juno.core.test.a.rttests.CT_RoundTripBeanMaps" name="testImplClasses[4]" time="0.0" />
  <testcase classname="com.ibm.juno.core.test.a.rttests.CT_RoundTripBeanMaps" name="testImplListClasses[4]" time="0.01" />
  <testcase classname="com.ibm.juno.core.test.a.rttests.CT_RoundTripBeanMaps" name="testWrapperAttrAnnotationOnNonBean[4]" time="0.0" />
  <testcase classname="com.ibm.juno.core.test.a.rttests.CT_RoundTripBeanMaps" name="testWrapperAttrAnnotationOnBean[4]" time="0.0" />
  <testcase classname="com.ibm.juno.core.test.a.rttests.CT_RoundTripBeanMaps" name="testExcludePropertiesUsingFilter[4]" time="0.0" />
  <testcase classname="com.ibm.juno.core.test.a.rttests.CT_RoundTripBeanMaps" name="testImplMap[4]" time="0.01" />
  <testcase classname="com.ibm.juno.core.test.a.rttests.CT_RoundTripBeanMaps" name="testSubTypesUsingBeanFilter[4]" time="0.0" />
  <testcase classname="com.ibm.juno.core.test.a.rttests.CT_RoundTripBeanMaps" name="testPropertiesUsingAnnotation[4]" time="0.0" />
  <testcase classname="com.ibm.juno.core.test.a.rttests.CT_RoundTripBeanMaps" name="testParsingIntoTopLevelNonStaticInnerClasses[4]" time="0.0" />
  <testcase classname="com.ibm.juno.core.test.a.rttests.CT_RoundTripBeanMaps" name="testSubTypesUsingAnnotation[4]" time="0.01" />
  <testcase classname="com.ibm.juno.core.test.a.rttests.CT_RoundTripBeanMaps" name="testPropertiesUsingFilter[4]" time="0.0" />
  <testcase classname="com.ibm.juno.core.test.a.rttests.CT_RoundTripBeanMaps" name="testMemberClassWithListClass[4]" time="0.0" />
  <testcase classname="com.ibm.juno.core.test.a.rttests.CT_RoundTripBeanMaps" name="testInterfaceClassUsingAnnotation[5]" time="0.0" />
  <testcase classname="com.ibm.juno.core.test.a.rttests.CT_RoundTripBeanMaps" name="testBeanPropertyPrecedence[5]" time="0.0" />
  <testcase classname="com.ibm.juno.core.test.a.rttests.CT_RoundTripBeanMaps" name="testSubTypePropertyWithRealPropertyUsingBeanFilter[5]" time="0.0" />
  <testcase classname="com.ibm.juno.core.test.a.rttests.CT_RoundTripBeanMaps" name="testSubTypePropertyWithRealPropertyUsingAnnotation[5]" time="0.0" />
  <testcase classname="com.ibm.juno.core.test.a.rttests.CT_RoundTripBeanMaps" name="testImplArrayClasses[5]" time="0.01" />
  <testcase classname="com.ibm.juno.core.test.a.rttests.CT_RoundTripBeanMaps" name="testMemberClassWithMapClass[5]" time="0.0" />
  <testcase classname="com.ibm.juno.core.test.a.rttests.CT_RoundTripBeanMaps" name="testMemberClassWithStringConstructor[5]" time="0.0" />
  <testcase classname="com.ibm.juno.core.test.a.rttests.CT_RoundTripBeanMaps" name="testImplMap2[5]" time="0.0" />
  <testcase classname="com.ibm.juno.core.test.a.rttests.CT_RoundTripBeanMaps" name="testMemberClass[5]" time="0.0" />
  <testcase classname="com.ibm.juno.core.test.a.rttests.CT_RoundTripBeanMaps" name="testInterfaceClassUsingFilter[5]" time="0.0" />
  <testcase classname="com.ibm.juno.core.test.a.rttests.CT_RoundTripBeanMaps" name="testExcludePropertiesUsingAnnotation[5]" time="0.0" />
  <testcase classname="com.ibm.juno.core.test.a.rttests.CT_RoundTripBeanMaps" name="testImplClasses[5]" time="0.0" />
  <testcase classname="com.ibm.juno.core.test.a.rttests.CT_RoundTripBeanMaps" name="testImplListClasses[5]" time="0.01" />
  <testcase classname="com.ibm.juno.core.test.a.rttests.CT_RoundTripBeanMaps" name="testWrapperAttrAnnotationOnNonBean[5]" time="0.0" />
  <testcase classname="com.ibm.juno.core.test.a.rttests.CT_RoundTripBeanMaps" name="testWrapperAttrAnnotationOnBean[5]" time="0.0" />
  <testcase classname="com.ibm.juno.core.test.a.rttests.CT_RoundTripBeanMaps" name="testExcludePropertiesUsingFilter[5]" time="0.0" />
  <testcase classname="com.ibm.juno.core.test.a.rttests.CT_RoundTripBeanMaps" name="testImplMap[5]" time="0.01" />
  <testcase classname="com.ibm.juno.core.test.a.rttests.CT_RoundTripBeanMaps" name="testSubTypesUsingBeanFilter[5]" time="0.01" />
  <testcase classname="com.ibm.juno.core.test.a.rttests.CT_RoundTripBeanMaps" name="testPropertiesUsingAnnotation[5]" time="0.0" />
  <testcase classname="com.ibm.juno.core.test.a.rttests.CT_RoundTripBeanMaps" name="testParsingIntoTopLevelNonStaticInnerClasses[5]" time="0.0" />
  <testcase classname="com.ibm.juno.core.test.a.rttests.CT_RoundTripBeanMaps" name="testSubTypesUsingAnnotation[5]" time="0.0" />
  <testcase classname="com.ibm.juno.core.test.a.rttests.CT_RoundTripBeanMaps" name="testPropertiesUsingFilter[5]" time="0.0" />
  <testcase classname="com.ibm.juno.core.test.a.rttests.CT_RoundTripBeanMaps" name="testMemberClassWithListClass[5]" time="0.01" />
  <testcase classname="com.ibm.juno.core.test.a.rttests.CT_RoundTripBeanMaps" name="testInterfaceClassUsingAnnotation[6]" time="0.0" />
  <testcase classname="com.ibm.juno.core.test.a.rttests.CT_RoundTripBeanMaps" name="testBeanPropertyPrecedence[6]" time="0.0" />
  <testcase classname="com.ibm.juno.core.test.a.rttests.CT_RoundTripBeanMaps" name="testSubTypePropertyWithRealPropertyUsingBeanFilter[6]" time="0.0" />
  <testcase classname="com.ibm.juno.core.test.a.rttests.CT_RoundTripBeanMaps" name="testSubTypePropertyWithRealPropertyUsingAnnotation[6]" time="0.0" />
  <testcase classname="com.ibm.juno.core.test.a.rttests.CT_RoundTripBeanMaps" name="testImplArrayClasses[6]" time="0.01" />
  <testcase classname="com.ibm.juno.core.test.a.rttests.CT_RoundTripBeanMaps" name="testMemberClassWithMapClass[6]" time="0.0" />
  <testcase classname="com.ibm.juno.core.test.a.rttests.CT_RoundTripBeanMaps" name="testMemberClassWithStringConstructor[6]" time="0.0" />
  <testcase classname="com.ibm.juno.core.test.a.rttests.CT_RoundTripBeanMaps" name="testImplMap2[6]" time="0.0" />
  <testcase classname="com.ibm.juno.core.test.a.rttests.CT_RoundTripBeanMaps" name="testMemberClass[6]" time="0.0" />
  <testcase classname="com.ibm.juno.core.test.a.rttests.CT_RoundTripBeanMaps" name="testInterfaceClassUsingFilter[6]" time="0.01" />
  <testcase classname="com.ibm.juno.core.test.a.rttests.CT_RoundTripBeanMaps" name="testExcludePropertiesUsingAnnotation[6]" time="0.0" />
  <testcase classname="com.ibm.juno.core.test.a.rttests.CT_RoundTripBeanMaps" name="testImplClasses[6]" time="0.0" />
  <testcase classname="com.ibm.juno.core.test.a.rttests.CT_RoundTripBeanMaps" name="testImplListClasses[6]" time="0.01" />
  <testcase classname="com.ibm.juno.core.test.a.rttests.CT_RoundTripBeanMaps" name="testWrapperAttrAnnotationOnNonBean[6]" time="0.0" />
  <testcase classname="com.ibm.juno.core.test.a.rttests.CT_RoundTripBeanMaps" name="testWrapperAttrAnnotationOnBean[6]" time="0.0" />
  <testcase classname="com.ibm.juno.core.test.a.rttests.CT_RoundTripBeanMaps" name="testExcludePropertiesUsingFilter[6]" time="0.0" />
  <testcase classname="com.ibm.juno.core.test.a.rttests.CT_RoundTripBeanMaps" name="testImplMap[6]" time="0.01" />
  <testcase classname="com.ibm.juno.core.test.a.rttests.CT_RoundTripBeanMaps" name="testSubTypesUsingBeanFilter[6]" time="0.0" />
  <testcase classname="com.ibm.juno.core.test.a.rttests.CT_RoundTripBeanMaps" name="testPropertiesUsingAnnotation[6]" time="0.01" />
  <testcase classname="com.ibm.juno.core.test.a.rttests.CT_RoundTripBeanMaps" name="testParsingIntoTopLevelNonStaticInnerClasses[6]" time="0.0" />
  <testcase classname="com.ibm.juno.core.test.a.rttests.CT_RoundTripBeanMaps" name="testSubTypesUsingAnnotation[6]" time="0.0" />
  <testcase classname="com.ibm.juno.core.test.a.rttests.CT_RoundTripBeanMaps" name="testPropertiesUsingFilter[6]" time="0.0" />
  <testcase classname="com.ibm.juno.core.test.a.rttests.CT_RoundTripBeanMaps" name="testMemberClassWithListClass[6]" time="0.0" />
  <testcase classname="com.ibm.juno.core.test.a.rttests.CT_RoundTripBeanMaps" name="testInterfaceClassUsingAnnotation[7]" time="0.0" />
  <testcase classname="com.ibm.juno.core.test.a.rttests.CT_RoundTripBeanMaps" name="testBeanPropertyPrecedence[7]" time="0.0" />
  <testcase classname="com.ibm.juno.core.test.a.rttests.CT_RoundTripBeanMaps" name="testSubTypePropertyWithRealPropertyUsingBeanFilter[7]" time="0.0" />
  <testcase classname="com.ibm.juno.core.test.a.rttests.CT_RoundTripBeanMaps" name="testSubTypePropertyWithRealPropertyUsingAnnotation[7]" time="0.0" />
  <testcase classname="com.ibm.juno.core.test.a.rttests.CT_RoundTripBeanMaps" name="testImplArrayClasses[7]" time="0.0" />
  <testcase classname="com.ibm.juno.core.test.a.rttests.CT_RoundTripBeanMaps" name="testMemberClassWithMapClass[7]" time="0.0" />
  <testcase classname="com.ibm.juno.core.test.a.rttests.CT_RoundTripBeanMaps" name="testMemberClassWithStringConstructor[7]" time="0.0" />
  <testcase classname="com.ibm.juno.core.test.a.rttests.CT_RoundTripBeanMaps" name="testImplMap2[7]" time="0.0" />
  <testcase classname="com.ibm.juno.core.test.a.rttests.CT_RoundTripBeanMaps" name="testMemberClass[7]" time="0.0" />
  <testcase classname="com.ibm.juno.core.test.a.rttests.CT_RoundTripBeanMaps" name="testInterfaceClassUsingFilter[7]" time="0.0" />
  <testcase classname="com.ibm.juno.core.test.a.rttests.CT_RoundTripBeanMaps" name="testExcludePropertiesUsingAnnotation[7]" time="0.0" />
  <testcase classname="com.ibm.juno.core.test.a.rttests.CT_RoundTripBeanMaps" name="testImplClasses[7]" time="0.0" />
  <testcase classname="com.ibm.juno.core.test.a.rttests.CT_RoundTripBeanMaps" name="testImplListClasses[7]" time="0.0" />
  <testcase classname="com.ibm.juno.core.test.a.rttests.CT_RoundTripBeanMaps" name="testWrapperAttrAnnotationOnNonBean[7]" time="0.0" />
  <testcase classname="com.ibm.juno.core.test.a.rttests.CT_RoundTripBeanMaps" name="testWrapperAttrAnnotationOnBean[7]" time="0.0" />
  <testcase classname="com.ibm.juno.core.test.a.rttests.CT_RoundTripBeanMaps" name="testExcludePropertiesUsingFilter[7]" time="0.0" />
  <testcase classname="com.ibm.juno.core.test.a.rttests.CT_RoundTripBeanMaps" name="testImplMap[7]" time="0.0" />
  <testcase classname="com.ibm.juno.core.test.a.rttests.CT_RoundTripBeanMaps" name="testSubTypesUsingBeanFilter[7]" time="0.0" />
  <testcase classname="com.ibm.juno.core.test.a.rttests.CT_RoundTripBeanMaps" name="testPropertiesUsingAnnotation[7]" time="0.0" />
  <testcase classname="com.ibm.juno.core.test.a.rttests.CT_RoundTripBeanMaps" name="testParsingIntoTopLevelNonStaticInnerClasses[7]" time="0.0" />
  <testcase classname="com.ibm.juno.core.test.a.rttests.CT_RoundTripBeanMaps" name="testSubTypesUsingAnnotation[7]" time="0.0" />
  <testcase classname="com.ibm.juno.core.test.a.rttests.CT_RoundTripBeanMaps" name="testPropertiesUsingFilter[7]" time="0.0" />
  <testcase classname="com.ibm.juno.core.test.a.rttests.CT_RoundTripBeanMaps" name="testMemberClassWithListClass[7]" time="0.0" />
  <testcase classname="com.ibm.juno.core.test.a.rttests.CT_RoundTripBeanMaps" name="testInterfaceClassUsingAnnotation[8]" time="0.0" />
  <testcase classname="com.ibm.juno.core.test.a.rttests.CT_RoundTripBeanMaps" name="testBeanPropertyPrecedence[8]" time="0.0" />
  <testcase classname="com.ibm.juno.core.test.a.rttests.CT_RoundTripBeanMaps" name="testSubTypePropertyWithRealPropertyUsingBeanFilter[8]" time="0.0" />
  <testcase classname="com.ibm.juno.core.test.a.rttests.CT_RoundTripBeanMaps" name="testSubTypePropertyWithRealPropertyUsingAnnotation[8]" time="0.0" />
  <testcase classname="com.ibm.juno.core.test.a.rttests.CT_RoundTripBeanMaps" name="testImplArrayClasses[8]" time="0.0" />
  <testcase classname="com.ibm.juno.core.test.a.rttests.CT_RoundTripBeanMaps" name="testMemberClassWithMapClass[8]" time="0.0" />
  <testcase classname="com.ibm.juno.core.test.a.rttests.CT_RoundTripBeanMaps" name="testMemberClassWithStringConstructor[8]" time="0.0" />
  <testcase classname="com.ibm.juno.core.test.a.rttests.CT_RoundTripBeanMaps" name="testImplMap2[8]" time="0.0" />
  <testcase classname="com.ibm.juno.core.test.a.rttests.CT_RoundTripBeanMaps" name="testMemberClass[8]" time="0.0" />
  <testcase classname="com.ibm.juno.core.test.a.rttests.CT_RoundTripBeanMaps" name="testInterfaceClassUsingFilter[8]" time="0.0" />
  <testcase classname="com.ibm.juno.core.test.a.rttests.CT_RoundTripBeanMaps" name="testExcludePropertiesUsingAnnotation[8]" time="0.0" />
  <testcase classname="com.ibm.juno.core.test.a.rttests.CT_RoundTripBeanMaps" name="testImplClasses[8]" time="0.0" />
  <testcase classname="com.ibm.juno.core.test.a.rttests.CT_RoundTripBeanMaps" name="testImplListClasses[8]" time="0.0" />
  <testcase classname="com.ibm.juno.core.test.a.rttests.CT_RoundTripBeanMaps" name="testWrapperAttrAnnotationOnNonBean[8]" time="0.0" />
  <testcase classname="com.ibm.juno.core.test.a.rttests.CT_RoundTripBeanMaps" name="testWrapperAttrAnnotationOnBean[8]" time="0.0" />
  <testcase classname="com.ibm.juno.core.test.a.rttests.CT_RoundTripBeanMaps" name="testExcludePropertiesUsingFilter[8]" time="0.01" />
  <testcase classname="com.ibm.juno.core.test.a.rttests.CT_RoundTripBeanMaps" name="testImplMap[8]" time="0.0" />
  <testcase classname="com.ibm.juno.core.test.a.rttests.CT_RoundTripBeanMaps" name="testSubTypesUsingBeanFilter[8]" time="0.0" />
  <testcase classname="com.ibm.juno.core.test.a.rttests.CT_RoundTripBeanMaps" name="testPropertiesUsingAnnotation[8]" time="0.0" />
  <testcase classname="com.ibm.juno.core.test.a.rttests.CT_RoundTripBeanMaps" name="testParsingIntoTopLevelNonStaticInnerClasses[8]" time="0.0" />
  <testcase classname="com.ibm.juno.core.test.a.rttests.CT_RoundTripBeanMaps" name="testSubTypesUsingAnnotation[8]" time="0.0" />
  <testcase classname="com.ibm.juno.core.test.a.rttests.CT_RoundTripBeanMaps" name="testPropertiesUsingFilter[8]" time="0.0" />
  <testcase classname="com.ibm.juno.core.test.a.rttests.CT_RoundTripBeanMaps" name="testMemberClassWithListClass[8]" time="0.0" />
  <testcase classname="com.ibm.juno.core.test.a.rttests.CT_RoundTripBeanMaps" name="testInterfaceClassUsingAnnotation[9]" time="0.0" />
  <testcase classname="com.ibm.juno.core.test.a.rttests.CT_RoundTripBeanMaps" name="testBeanPropertyPrecedence[9]" time="0.0" />
  <testcase classname="com.ibm.juno.core.test.a.rttests.CT_RoundTripBeanMaps" name="testSubTypePropertyWithRealPropertyUsingBeanFilter[9]" time="0.0" />
  <testcase classname="com.ibm.juno.core.test.a.rttests.CT_RoundTripBeanMaps" name="testSubTypePropertyWithRealPropertyUsingAnnotation[9]" time="0.01" />
  <testcase classname="com.ibm.juno.core.test.a.rttests.CT_RoundTripBeanMaps" name="testImplArrayClasses[9]" time="0.0" />
  <testcase classname="com.ibm.juno.core.test.a.rttests.CT_RoundTripBeanMaps" name="testMemberClassWithMapClass[9]" time="0.0" />
  <testcase classname="com.ibm.juno.core.test.a.rttests.CT_RoundTripBeanMaps" name="testMemberClassWithStringConstructor[9]" time="0.0" />
  <testcase classname="com.ibm.juno.core.test.a.rttests.CT_RoundTripBeanMaps" name="testImplMap2[9]" time="0.0" />
  <testcase classname="com.ibm.juno.core.test.a.rttests.CT_RoundTripBeanMaps" name="testMemberClass[9]" time="0.0" />
  <testcase classname="com.ibm.juno.core.test.a.rttests.CT_RoundTripBeanMaps" name="testInterfaceClassUsingFilter[9]" time="0.0" />
  <testcase classname="com.ibm.juno.core.test.a.rttests.CT_RoundTripBeanMaps" name="testExcludePropertiesUsingAnnotation[9]" time="0.0" />
  <testcase classname="com.ibm.juno.core.test.a.rttests.CT_RoundTripBeanMaps" name="testImplClasses[9]" time="0.0" />
  <testcase classname="com.ibm.juno.core.test.a.rttests.CT_RoundTripBeanMaps" name="testImplListClasses[9]" time="0.0" />
  <testcase classname="com.ibm.juno.core.test.a.rttests.CT_RoundTripBeanMaps" name="testWrapperAttrAnnotationOnNonBean[9]" time="0.0" />
  <testcase classname="com.ibm.juno.core.test.a.rttests.CT_RoundTripBeanMaps" name="testWrapperAttrAnnotationOnBean[9]" time="0.0" />
  <testcase classname="com.ibm.juno.core.test.a.rttests.CT_RoundTripBeanMaps" name="testExcludePropertiesUsingFilter[9]" time="0.0" />
  <testcase classname="com.ibm.juno.core.test.a.rttests.CT_RoundTripBeanMaps" name="testImplMap[9]" time="0.0" />
  <testcase classname="com.ibm.juno.core.test.a.rttests.CT_RoundTripBeanMaps" name="testSubTypesUsingBeanFilter[9]" time="0.0" />
  <testcase classname="com.ibm.juno.core.test.a.rttests.CT_RoundTripBeanMaps" name="testPropertiesUsingAnnotation[9]" time="0.0" />
  <testcase classname="com.ibm.juno.core.test.a.rttests.CT_RoundTripBeanMaps" name="testParsingIntoTopLevelNonStaticInnerClasses[9]" time="0.0" />
  <testcase classname="com.ibm.juno.core.test.a.rttests.CT_RoundTripBeanMaps" name="testSubTypesUsingAnnotation[9]" time="0.0" />
  <testcase classname="com.ibm.juno.core.test.a.rttests.CT_RoundTripBeanMaps" name="testPropertiesUsingFilter[9]" time="0.0" />
  <testcase classname="com.ibm.juno.core.test.a.rttests.CT_RoundTripBeanMaps" name="testMemberClassWithListClass[9]" time="0.0" />
  <testcase classname="com.ibm.juno.core.test.a.rttests.CT_RoundTripBeanMaps" name="testInterfaceClassUsingAnnotation[10]" time="0.0" />
  <testcase classname="com.ibm.juno.core.test.a.rttests.CT_RoundTripBeanMaps" name="testBeanPropertyPrecedence[10]" time="0.0" />
  <testcase classname="com.ibm.juno.core.test.a.rttests.CT_RoundTripBeanMaps" name="testSubTypePropertyWithRealPropertyUsingBeanFilter[10]" time="0.0" />
  <testcase classname="com.ibm.juno.core.test.a.rttests.CT_RoundTripBeanMaps" name="testSubTypePropertyWithRealPropertyUsingAnnotation[10]" time="0.0" />
  <testcase classname="com.ibm.juno.core.test.a.rttests.CT_RoundTripBeanMaps" name="testImplArrayClasses[10]" time="0.0" />
  <testcase classname="com.ibm.juno.core.test.a.rttests.CT_RoundTripBeanMaps" name="testMemberClassWithMapClass[10]" time="0.01" />
  <testcase classname="com.ibm.juno.core.test.a.rttests.CT_RoundTripBeanMaps" name="testMemberClassWithStringConstructor[10]" time="0.0" />
  <testcase classname="com.ibm.juno.core.test.a.rttests.CT_RoundTripBeanMaps" name="testImplMap2[10]" time="0.0" />
  <testcase classname="com.ibm.juno.core.test.a.rttests.CT_RoundTripBeanMaps" name="testMemberClass[10]" time="0.0" />
  <testcase classname="com.ibm.juno.core.test.a.rttests.CT_RoundTripBeanMaps" name="testInterfaceClassUsingFilter[10]" time="0.0" />
  <testcase classname="com.ibm.juno.core.test.a.rttests.CT_RoundTripBeanMaps" name="testExcludePropertiesUsingAnnotation[10]" time="0.0" />
  <testcase classname="com.ibm.juno.core.test.a.rttests.CT_RoundTripBeanMaps" name="testImplClasses[10]" time="0.0" />
  <testcase classname="com.ibm.juno.core.test.a.rttests.CT_RoundTripBeanMaps" name="testImplListClasses[10]" time="0.0" />
  <testcase classname="com.ibm.juno.core.test.a.rttests.CT_RoundTripBeanMaps" name="testWrapperAttrAnnotationOnNonBean[10]" time="0.0" />
  <testcase classname="com.ibm.juno.core.test.a.rttests.CT_RoundTripBeanMaps" name="testWrapperAttrAnnotationOnBean[10]" time="0.0" />
  <testcase classname="com.ibm.juno.core.test.a.rttests.CT_RoundTripBeanMaps" name="testExcludePropertiesUsingFilter[10]" time="0.0" />
  <testcase classname="com.ibm.juno.core.test.a.rttests.CT_RoundTripBeanMaps" name="testImplMap[10]" time="0.0" />
  <testcase classname="com.ibm.juno.core.test.a.rttests.CT_RoundTripBeanMaps" name="testSubTypesUsingBeanFilter[10]" time="0.01" />
  <testcase classname="com.ibm.juno.core.test.a.rttests.CT_RoundTripBeanMaps" name="testPropertiesUsingAnnotation[10]" time="0.0" />
  <testcase classname="com.ibm.juno.core.test.a.rttests.CT_RoundTripBeanMaps" name="testParsingIntoTopLevelNonStaticInnerClasses[10]" time="0.0" />
  <testcase classname="com.ibm.juno.core.test.a.rttests.CT_RoundTripBeanMaps" name="testSubTypesUsingAnnotation[10]" time="0.0" />
  <testcase classname="com.ibm.juno.core.test.a.rttests.CT_RoundTripBeanMaps" name="testPropertiesUsingFilter[10]" time="0.0" />
  <testcase classname="com.ibm.juno.core.test.a.rttests.CT_RoundTripBeanMaps" name="testMemberClassWithListClass[10]" time="0.0" />
  <testcase classname="com.ibm.juno.core.test.a.rttests.CT_RoundTripBeanMaps" name="testInterfaceClassUsingAnnotation[11]" time="0.0" />
  <testcase classname="com.ibm.juno.core.test.a.rttests.CT_RoundTripBeanMaps" name="testBeanPropertyPrecedence[11]" time="0.0" />
  <testcase classname="com.ibm.juno.core.test.a.rttests.CT_RoundTripBeanMaps" name="testSubTypePropertyWithRealPropertyUsingBeanFilter[11]" time="0.0" />
  <testcase classname="com.ibm.juno.core.test.a.rttests.CT_RoundTripBeanMaps" name="testSubTypePropertyWithRealPropertyUsingAnnotation[11]" time="0.0" />
  <testcase classname="com.ibm.juno.core.test.a.rttests.CT_RoundTripBeanMaps" name="testImplArrayClasses[11]" time="0.0" />
  <testcase classname="com.ibm.juno.core.test.a.rttests.CT_RoundTripBeanMaps" name="testMemberClassWithMapClass[11]" time="0.0" />
  <testcase classname="com.ibm.juno.core.test.a.rttests.CT_RoundTripBeanMaps" name="testMemberClassWithStringConstructor[11]" time="0.01" />
  <testcase classname="com.ibm.juno.core.test.a.rttests.CT_RoundTripBeanMaps" name="testImplMap2[11]" time="0.0" />
  <testcase classname="com.ibm.juno.core.test.a.rttests.CT_RoundTripBeanMaps" name="testMemberClass[11]" time="0.0" />
  <testcase classname="com.ibm.juno.core.test.a.rttests.CT_RoundTripBeanMaps" name="testInterfaceClassUsingFilter[11]" time="0.0" />
  <testcase classname="com.ibm.juno.core.test.a.rttests.CT_RoundTripBeanMaps" name="testExcludePropertiesUsingAnnotation[11]" time="0.0" />
  <testcase classname="com.ibm.juno.core.test.a.rttests.CT_RoundTripBeanMaps" name="testImplClasses[11]" time="0.0" />
  <testcase classname="com.ibm.juno.core.test.a.rttests.CT_RoundTripBeanMaps" name="testImplListClasses[11]" time="0.0" />
  <testcase classname="com.ibm.juno.core.test.a.rttests.CT_RoundTripBeanMaps" name="testWrapperAttrAnnotationOnNonBean[11]" time="0.0" />
  <testcase classname="com.ibm.juno.core.test.a.rttests.CT_RoundTripBeanMaps" name="testWrapperAttrAnnotationOnBean[11]" time="0.0" />
  <testcase classname="com.ibm.juno.core.test.a.rttests.CT_RoundTripBeanMaps" name="testExcludePropertiesUsingFilter[11]" time="0.0" />
  <testcase classname="com.ibm.juno.core.test.a.rttests.CT_RoundTripBeanMaps" name="testImplMap[11]" time="0.0" />
  <testcase classname="com.ibm.juno.core.test.a.rttests.CT_RoundTripBeanMaps" name="testSubTypesUsingBeanFilter[11]" time="0.01" />
  <testcase classname="com.ibm.juno.core.test.a.rttests.CT_RoundTripBeanMaps" name="testPropertiesUsingAnnotation[11]" time="0.0" />
  <testcase classname="com.ibm.juno.core.test.a.rttests.CT_RoundTripBeanMaps" name="testParsingIntoTopLevelNonStaticInnerClasses[11]" time="0.0" />
  <testcase classname="com.ibm.juno.core.test.a.rttests.CT_RoundTripBeanMaps" name="testSubTypesUsingAnnotation[11]" time="0.0" />
  <testcase classname="com.ibm.juno.core.test.a.rttests.CT_RoundTripBeanMaps" name="testPropertiesUsingFilter[11]" time="0.0" />
  <testcase classname="com.ibm.juno.core.test.a.rttests.CT_RoundTripBeanMaps" name="testMemberClassWithListClass[11]" time="0.0" />
  <testcase classname="com.ibm.juno.core.test.a.rttests.CT_RoundTripBeanMaps" name="testInterfaceClassUsingAnnotation[12]" time="0.0" />
  <testcase classname="com.ibm.juno.core.test.a.rttests.CT_RoundTripBeanMaps" name="testBeanPropertyPrecedence[12]" time="0.0" />
  <testcase classname="com.ibm.juno.core.test.a.rttests.CT_RoundTripBeanMaps" name="testSubTypePropertyWithRealPropertyUsingBeanFilter[12]" time="0.0" />
  <testcase classname="com.ibm.juno.core.test.a.rttests.CT_RoundTripBeanMaps" name="testSubTypePropertyWithRealPropertyUsingAnnotation[12]" time="0.0" />
  <testcase classname="com.ibm.juno.core.test.a.rttests.CT_RoundTripBeanMaps" name="testImplArrayClasses[12]" time="0.0" />
  <testcase classname="com.ibm.juno.core.test.a.rttests.CT_RoundTripBeanMaps" name="testMemberClassWithMapClass[12]" time="0.0" />
  <testcase classname="com.ibm.juno.core.test.a.rttests.CT_RoundTripBeanMaps" name="testMemberClassWithStringConstructor[12]" time="0.0" />
  <testcase classname="com.ibm.juno.core.test.a.rttests.CT_RoundTripBeanMaps" name="testImplMap2[12]" time="0.0" />
  <testcase classname="com.ibm.juno.core.test.a.rttests.CT_RoundTripBeanMaps" name="testMemberClass[12]" time="0.0" />
  <testcase classname="com.ibm.juno.core.test.a.rttests.CT_RoundTripBeanMaps" name="testInterfaceClassUsingFilter[12]" time="0.0" />
  <testcase classname="com.ibm.juno.core.test.a.rttests.CT_RoundTripBeanMaps" name="testExcludePropertiesUsingAnnotation[12]" time="0.0" />
  <testcase classname="com.ibm.juno.core.test.a.rttests.CT_RoundTripBeanMaps" name="testImplClasses[12]" time="0.0" />
  <testcase classname="com.ibm.juno.core.test.a.rttests.CT_RoundTripBeanMaps" name="testImplListClasses[12]" time="0.0" />
  <testcase classname="com.ibm.juno.core.test.a.rttests.CT_RoundTripBeanMaps" name="testWrapperAttrAnnotationOnNonBean[12]" time="0.0" />
  <testcase classname="com.ibm.juno.core.test.a.rttests.CT_RoundTripBeanMaps" name="testWrapperAttrAnnotationOnBean[12]" time="0.0" />
  <testcase classname="com.ibm.juno.core.test.a.rttests.CT_RoundTripBeanMaps" name="testExcludePropertiesUsingFilter[12]" time="0.0" />
  <testcase classname="com.ibm.juno.core.test.a.rttests.CT_RoundTripBeanMaps" name="testImplMap[12]" time="0.0" />
  <testcase classname="com.ibm.juno.core.test.a.rttests.CT_RoundTripBeanMaps" name="testSubTypesUsingBeanFilter[12]" time="0.0" />
  <testcase classname="com.ibm.juno.core.test.a.rttests.CT_RoundTripBeanMaps" name="testPropertiesUsingAnnotation[12]" time="0.0" />
  <testcase classname="com.ibm.juno.core.test.a.rttests.CT_RoundTripBeanMaps" name="testParsingIntoTopLevelNonStaticInnerClasses[12]" time="0.0" />
  <testcase classname="com.ibm.juno.core.test.a.rttests.CT_RoundTripBeanMaps" name="testSubTypesUsingAnnotation[12]" time="0.01" />
  <testcase classname="com.ibm.juno.core.test.a.rttests.CT_RoundTripBeanMaps" name="testPropertiesUsingFilter[12]" time="0.0" />
  <testcase classname="com.ibm.juno.core.test.a.rttests.CT_RoundTripBeanMaps" name="testMemberClassWithListClass[12]" time="0.0" />
  <testcase classname="com.ibm.juno.core.test.a.rttests.CT_RoundTripBeanMaps" name="testInterfaceClassUsingAnnotation[13]" time="0.0" />
  <testcase classname="com.ibm.juno.core.test.a.rttests.CT_RoundTripBeanMaps" name="testBeanPropertyPrecedence[13]" time="0.0" />
  <testcase classname="com.ibm.juno.core.test.a.rttests.CT_RoundTripBeanMaps" name="testSubTypePropertyWithRealPropertyUsingBeanFilter[13]" time="0.0" />
  <testcase classname="com.ibm.juno.core.test.a.rttests.CT_RoundTripBeanMaps" name="testSubTypePropertyWithRealPropertyUsingAnnotation[13]" time="0.01" />
  <testcase classname="com.ibm.juno.core.test.a.rttests.CT_RoundTripBeanMaps" name="testImplArrayClasses[13]" time="0.0" />
  <testcase classname="com.ibm.juno.core.test.a.rttests.CT_RoundTripBeanMaps" name="testMemberClassWithMapClass[13]" time="0.0" />
  <testcase classname="com.ibm.juno.core.test.a.rttests.CT_RoundTripBeanMaps" name="testMemberClassWithStringConstructor[13]" time="0.01" />
  <testcase classname="com.ibm.juno.core.test.a.rttests.CT_RoundTripBeanMaps" name="testImplMap2[13]" time="0.0" />
  <testcase classname="com.ibm.juno.core.test.a.rttests.CT_RoundTripBeanMaps" name="testMemberClass[13]" time="0.0" />
  <testcase classname="com.ibm.juno.core.test.a.rttests.CT_RoundTripBeanMaps" name="testInterfaceClassUsingFilter[13]" time="0.0" />
  <testcase classname="com.ibm.juno.core.test.a.rttests.CT_RoundTripBeanMaps" name="testExcludePropertiesUsingAnnotation[13]" time="0.01" />
  <testcase classname="com.ibm.juno.core.test.a.rttests.CT_RoundTripBeanMaps" name="testImplClasses[13]" time="0.0" />
  <testcase classname="com.ibm.juno.core.test.a.rttests.CT_RoundTripBeanMaps" name="testImplListClasses[13]" time="0.02" />
  <testcase classname="com.ibm.juno.core.test.a.rttests.CT_RoundTripBeanMaps" name="testWrapperAttrAnnotationOnNonBean[13]" time="0.0" />
  <testcase classname="com.ibm.juno.core.test.a.rttests.CT_RoundTripBeanMaps" name="testWrapperAttrAnnotationOnBean[13]" time="0.0" />
  <testcase classname="com.ibm.juno.core.test.a.rttests.CT_RoundTripBeanMaps" name="testExcludePropertiesUsingFilter[13]" time="0.0" />
  <testcase classname="com.ibm.juno.core.test.a.rttests.CT_RoundTripBeanMaps" name="testImplMap[13]" time="0.01" />
  <testcase classname="com.ibm.juno.core.test.a.rttests.CT_RoundTripBeanMaps" name="testSubTypesUsingBeanFilter[13]" time="0.01" />
  <testcase classname="com.ibm.juno.core.test.a.rttests.CT_RoundTripBeanMaps" name="testPropertiesUsingAnnotation[13]" time="0.0" />
  <testcase classname="com.ibm.juno.core.test.a.rttests.CT_RoundTripBeanMaps" name="testParsingIntoTopLevelNonStaticInnerClasses[13]" time="0.0" />
  <testcase classname="com.ibm.juno.core.test.a.rttests.CT_RoundTripBeanMaps" name="testSubTypesUsingAnnotation[13]" time="0.01" />
  <testcase classname="com.ibm.juno.core.test.a.rttests.CT_RoundTripBeanMaps" name="testPropertiesUsingFilter[13]" time="0.0" />
  <testcase classname="com.ibm.juno.core.test.a.rttests.CT_RoundTripBeanMaps" name="testMemberClassWithListClass[13]" time="0.0" />
  <testcase classname="com.ibm.juno.core.test.a.rttests.CT_RoundTripBeanMaps" name="testInterfaceClassUsingAnnotation[14]" time="0.0" />
  <testcase classname="com.ibm.juno.core.test.a.rttests.CT_RoundTripBeanMaps" name="testBeanPropertyPrecedence[14]" time="0.0" />
  <testcase classname="com.ibm.juno.core.test.a.rttests.CT_RoundTripBeanMaps" name="testSubTypePropertyWithRealPropertyUsingBeanFilter[14]" time="0.0" />
  <testcase classname="com.ibm.juno.core.test.a.rttests.CT_RoundTripBeanMaps" name="testSubTypePropertyWithRealPropertyUsingAnnotation[14]" time="0.0" />
  <testcase classname="com.ibm.juno.core.test.a.rttests.CT_RoundTripBeanMaps" name="testImplArrayClasses[14]" time="0.01" />
  <testcase classname="com.ibm.juno.core.test.a.rttests.CT_RoundTripBeanMaps" name="testMemberClassWithMapClass[14]" time="0.0" />
  <testcase classname="com.ibm.juno.core.test.a.rttests.CT_RoundTripBeanMaps" name="testMemberClassWithStringConstructor[14]" time="0.0" />
  <testcase classname="com.ibm.juno.core.test.a.rttests.CT_RoundTripBeanMaps" name="testImplMap2[14]" time="0.0" />
  <testcase classname="com.ibm.juno.core.test.a.rttests.CT_RoundTripBeanMaps" name="testMemberClass[14]" time="0.0" />
  <testcase classname="com.ibm.juno.core.test.a.rttests.CT_RoundTripBeanMaps" name="testInterfaceClassUsingFilter[14]" time="0.01" />
  <testcase classname="com.ibm.juno.core.test.a.rttests.CT_RoundTripBeanMaps" name="testExcludePropertiesUsingAnnotation[14]" time="0.0" />
  <testcase classname="com.ibm.juno.core.test.a.rttests.CT_RoundTripBeanMaps" name="testImplClasses[14]" time="0.0" />
  <testcase classname="com.ibm.juno.core.test.a.rttests.CT_RoundTripBeanMaps" name="testImplListClasses[14]" time="0.01" />
  <testcase classname="com.ibm.juno.core.test.a.rttests.CT_RoundTripBeanMaps" name="testWrapperAttrAnnotationOnNonBean[14]" time="0.0" />
  <testcase classname="com.ibm.juno.core.test.a.rttests.CT_RoundTripBeanMaps" name="testWrapperAttrAnnotationOnBean[14]" time="0.01" />
  <testcase classname="com.ibm.juno.core.test.a.rttests.CT_RoundTripBeanMaps" name="testExcludePropertiesUsingFilter[14]" time="0.0" />
  <testcase classname="com.ibm.juno.core.test.a.rttests.CT_RoundTripBeanMaps" name="testImplMap[14]" time="0.01" />
  <testcase classname="com.ibm.juno.core.test.a.rttests.CT_RoundTripBeanMaps" name="testSubTypesUsingBeanFilter[14]" time="0.01" />
  <testcase classname="com.ibm.juno.core.test.a.rttests.CT_RoundTripBeanMaps" name="testPropertiesUsingAnnotation[14]" time="0.0" />
  <testcase classname="com.ibm.juno.core.test.a.rttests.CT_RoundTripBeanMaps" name="testParsingIntoTopLevelNonStaticInnerClasses[14]" time="0.0" />
  <testcase classname="com.ibm.juno.core.test.a.rttests.CT_RoundTripBeanMaps" name="testSubTypesUsingAnnotation[14]" time="0.01" />
  <testcase classname="com.ibm.juno.core.test.a.rttests.CT_RoundTripBeanMaps" name="testPropertiesUsingFilter[14]" time="0.0" />
  <testcase classname="com.ibm.juno.core.test.a.rttests.CT_RoundTripBeanMaps" name="testMemberClassWithListClass[14]" time="0.01" />
  <testcase classname="com.ibm.juno.core.test.a.rttests.CT_RoundTripBeanMaps" name="testInterfaceClassUsingAnnotation[15]" time="0.0" />
  <testcase classname="com.ibm.juno.core.test.a.rttests.CT_RoundTripBeanMaps" name="testBeanPropertyPrecedence[15]" time="0.0" />
  <testcase classname="com.ibm.juno.core.test.a.rttests.CT_RoundTripBeanMaps" name="testSubTypePropertyWithRealPropertyUsingBeanFilter[15]" time="0.0" />
  <testcase classname="com.ibm.juno.core.test.a.rttests.CT_RoundTripBeanMaps" name="testSubTypePropertyWithRealPropertyUsingAnnotation[15]" time="0.0" />
  <testcase classname="com.ibm.juno.core.test.a.rttests.CT_RoundTripBeanMaps" name="testImplArrayClasses[15]" time="0.01" />
  <testcase classname="com.ibm.juno.core.test.a.rttests.CT_RoundTripBeanMaps" name="testMemberClassWithMapClass[15]" time="0.0" />
  <testcase classname="com.ibm.juno.core.test.a.rttests.CT_RoundTripBeanMaps" name="testMemberClassWithStringConstructor[15]" time="0.0" />
  <testcase classname="com.ibm.juno.core.test.a.rttests.CT_RoundTripBeanMaps" name="testImplMap2[15]" time="0.0" />
  <testcase classname="com.ibm.juno.core.test.a.rttests.CT_RoundTripBeanMaps" name="testMemberClass[15]" time="0.01" />
  <testcase classname="com.ibm.juno.core.test.a.rttests.CT_RoundTripBeanMaps" name="testInterfaceClassUsingFilter[15]" time="0.0" />
  <testcase classname="com.ibm.juno.core.test.a.rttests.CT_RoundTripBeanMaps" name="testExcludePropertiesUsingAnnotation[15]" time="0.0" />
  <testcase classname="com.ibm.juno.core.test.a.rttests.CT_RoundTripBeanMaps" name="testImplClasses[15]" time="0.0" />
  <testcase classname="com.ibm.juno.core.test.a.rttests.CT_RoundTripBeanMaps" name="testImplListClasses[15]" time="0.01" />
  <testcase classname="com.ibm.juno.core.test.a.rttests.CT_RoundTripBeanMaps" name="testWrapperAttrAnnotationOnNonBean[15]" time="0.0" />
  <testcase classname="com.ibm.juno.core.test.a.rttests.CT_RoundTripBeanMaps" name="testWrapperAttrAnnotationOnBean[15]" time="0.0" />
  <testcase classname="com.ibm.juno.core.test.a.rttests.CT_RoundTripBeanMaps" name="testExcludePropertiesUsingFilter[15]" time="0.0" />
  <testcase classname="com.ibm.juno.core.test.a.rttests.CT_RoundTripBeanMaps" name="testImplMap[15]" time="0.0" />
  <testcase classname="com.ibm.juno.core.test.a.rttests.CT_RoundTripBeanMaps" name="testSubTypesUsingBeanFilter[15]" time="0.01" />
  <testcase classname="com.ibm.juno.core.test.a.rttests.CT_RoundTripBeanMaps" name="testPropertiesUsingAnnotation[15]" time="0.0" />
  <testcase classname="com.ibm.juno.core.test.a.rttests.CT_RoundTripBeanMaps" name="testParsingIntoTopLevelNonStaticInnerClasses[15]" time="0.0" />
  <testcase classname="com.ibm.juno.core.test.a.rttests.CT_RoundTripBeanMaps" name="testSubTypesUsingAnnotation[15]" time="0.0" />
  <testcase classname="com.ibm.juno.core.test.a.rttests.CT_RoundTripBeanMaps" name="testPropertiesUsingFilter[15]" time="0.0" />
  <testcase classname="com.ibm.juno.core.test.a.rttests.CT_RoundTripBeanMaps" name="testMemberClassWithListClass[15]" time="0.0" />
  <testcase classname="com.ibm.juno.core.test.a.rttests.CT_RoundTripBeanMaps" name="testInterfaceClassUsingAnnotation[16]" time="0.0" />
  <testcase classname="com.ibm.juno.core.test.a.rttests.CT_RoundTripBeanMaps" name="testBeanPropertyPrecedence[16]" time="0.0" />
  <testcase classname="com.ibm.juno.core.test.a.rttests.CT_RoundTripBeanMaps" name="testSubTypePropertyWithRealPropertyUsingBeanFilter[16]" time="0.0" />
  <testcase classname="com.ibm.juno.core.test.a.rttests.CT_RoundTripBeanMaps" name="testSubTypePropertyWithRealPropertyUsingAnnotation[16]" time="0.0" />
  <testcase classname="com.ibm.juno.core.test.a.rttests.CT_RoundTripBeanMaps" name="testImplArrayClasses[16]" time="0.01" />
  <testcase classname="com.ibm.juno.core.test.a.rttests.CT_RoundTripBeanMaps" name="testMemberClassWithMapClass[16]" time="0.0" />
  <testcase classname="com.ibm.juno.core.test.a.rttests.CT_RoundTripBeanMaps" name="testMemberClassWithStringConstructor[16]" time="0.0" />
  <testcase classname="com.ibm.juno.core.test.a.rttests.CT_RoundTripBeanMaps" name="testImplMap2[16]" time="0.0" />
  <testcase classname="com.ibm.juno.core.test.a.rttests.CT_RoundTripBeanMaps" name="testMemberClass[16]" time="0.0" />
  <testcase classname="com.ibm.juno.core.test.a.rttests.CT_RoundTripBeanMaps" name="testInterfaceClassUsingFilter[16]" time="0.0" />
  <testcase classname="com.ibm.juno.core.test.a.rttests.CT_RoundTripBeanMaps" name="testExcludePropertiesUsingAnnotation[16]" time="0.0" />
  <testcase classname="com.ibm.juno.core.test.a.rttests.CT_RoundTripBeanMaps" name="testImplClasses[16]" time="0.01" />
  <testcase classname="com.ibm.juno.core.test.a.rttests.CT_RoundTripBeanMaps" name="testImplListClasses[16]" time="0.0" />
  <testcase classname="com.ibm.juno.core.test.a.rttests.CT_RoundTripBeanMaps" name="testWrapperAttrAnnotationOnNonBean[16]" time="0.0" />
  <testcase classname="com.ibm.juno.core.test.a.rttests.CT_RoundTripBeanMaps" name="testWrapperAttrAnnotationOnBean[16]" time="0.0" />
  <testcase classname="com.ibm.juno.core.test.a.rttests.CT_RoundTripBeanMaps" name="testExcludePropertiesUsingFilter[16]" time="0.0" />
  <testcase classname="com.ibm.juno.core.test.a.rttests.CT_RoundTripBeanMaps" name="testImplMap[16]" time="0.01" />
  <testcase classname="com.ibm.juno.core.test.a.rttests.CT_RoundTripBeanMaps" name="testSubTypesUsingBeanFilter[16]" time="0.0" />
  <testcase classname="com.ibm.juno.core.test.a.rttests.CT_RoundTripBeanMaps" name="testPropertiesUsingAnnotation[16]" time="0.0" />
  <testcase classname="com.ibm.juno.core.test.a.rttests.CT_RoundTripBeanMaps" name="testParsingIntoTopLevelNonStaticInnerClasses[16]" time="0.0" />
  <testcase classname="com.ibm.juno.core.test.a.rttests.CT_RoundTripBeanMaps" name="testSubTypesUsingAnnotation[16]" time="0.01" />
  <testcase classname="com.ibm.juno.core.test.a.rttests.CT_RoundTripBeanMaps" name="testPropertiesUsingFilter[16]" time="0.0" />
  <testcase classname="com.ibm.juno.core.test.a.rttests.CT_RoundTripBeanMaps" name="testMemberClassWithListClass[16]" time="0.0" />
  <testcase classname="com.ibm.juno.core.test.a.rttests.CT_RoundTripBeanMaps" name="testInterfaceClassUsingAnnotation[17]" time="0.0" />
  <testcase classname="com.ibm.juno.core.test.a.rttests.CT_RoundTripBeanMaps" name="testBeanPropertyPrecedence[17]" time="0.0" />
  <testcase classname="com.ibm.juno.core.test.a.rttests.CT_RoundTripBeanMaps" name="testSubTypePropertyWithRealPropertyUsingBeanFilter[17]" time="0.0" />
  <testcase classname="com.ibm.juno.core.test.a.rttests.CT_RoundTripBeanMaps" name="testSubTypePropertyWithRealPropertyUsingAnnotation[17]" time="0.01" />
  <testcase classname="com.ibm.juno.core.test.a.rttests.CT_RoundTripBeanMaps" name="testImplArrayClasses[17]" time="0.0" />
  <testcase classname="com.ibm.juno.core.test.a.rttests.CT_RoundTripBeanMaps" name="testMemberClassWithMapClass[17]" time="0.0" />
  <testcase classname="com.ibm.juno.core.test.a.rttests.CT_RoundTripBeanMaps" name="testMemberClassWithStringConstructor[17]" time="0.0" />
  <testcase classname="com.ibm.juno.core.test.a.rttests.CT_RoundTripBeanMaps" name="testImplMap2[17]" time="0.0" />
  <testcase classname="com.ibm.juno.core.test.a.rttests.CT_RoundTripBeanMaps" name="testMemberClass[17]" time="0.0" />
  <testcase classname="com.ibm.juno.core.test.a.rttests.CT_RoundTripBeanMaps" name="testInterfaceClassUsingFilter[17]" time="0.0" />
  <testcase classname="com.ibm.juno.core.test.a.rttests.CT_RoundTripBeanMaps" name="testExcludePropertiesUsingAnnotation[17]" time="0.0" />
  <testcase classname="com.ibm.juno.core.test.a.rttests.CT_RoundTripBeanMaps" name="testImplClasses[17]" time="0.0" />
  <testcase classname="com.ibm.juno.core.test.a.rttests.CT_RoundTripBeanMaps" name="testImplListClasses[17]" time="0.01" />
  <testcase classname="com.ibm.juno.core.test.a.rttests.CT_RoundTripBeanMaps" name="testWrapperAttrAnnotationOnNonBean[17]" time="0.0" />
  <testcase classname="com.ibm.juno.core.test.a.rttests.CT_RoundTripBeanMaps" name="testWrapperAttrAnnotationOnBean[17]" time="0.0" />
  <testcase classname="com.ibm.juno.core.test.a.rttests.CT_RoundTripBeanMaps" name="testExcludePropertiesUsingFilter[17]" time="0.0" />
  <testcase classname="com.ibm.juno.core.test.a.rttests.CT_RoundTripBeanMaps" name="testImplMap[17]" time="0.0" />
  <testcase classname="com.ibm.juno.core.test.a.rttests.CT_RoundTripBeanMaps" name="testSubTypesUsingBeanFilter[17]" time="0.02" />
  <testcase classname="com.ibm.juno.core.test.a.rttests.CT_RoundTripBeanMaps" name="testPropertiesUsingAnnotation[17]" time="0.0" />
  <testcase classname="com.ibm.juno.core.test.a.rttests.CT_RoundTripBeanMaps" name="testParsingIntoTopLevelNonStaticInnerClasses[17]" time="0.0" />
  <testcase classname="com.ibm.juno.core.test.a.rttests.CT_RoundTripBeanMaps" name="testSubTypesUsingAnnotation[17]" time="0.0" />
  <testcase classname="com.ibm.juno.core.test.a.rttests.CT_RoundTripBeanMaps" name="testPropertiesUsingFilter[17]" time="0.0" />
  <testcase classname="com.ibm.juno.core.test.a.rttests.CT_RoundTripBeanMaps" name="testMemberClassWithListClass[17]" time="0.01" />
  <testcase classname="com.ibm.juno.core.test.a.rttests.CT_RoundTripBeanMaps" name="testInterfaceClassUsingAnnotation[18]" time="0.0" />
  <testcase classname="com.ibm.juno.core.test.a.rttests.CT_RoundTripBeanMaps" name="testBeanPropertyPrecedence[18]" time="0.0" />
  <testcase classname="com.ibm.juno.core.test.a.rttests.CT_RoundTripBeanMaps" name="testSubTypePropertyWithRealPropertyUsingBeanFilter[18]" time="0.0" />
  <testcase classname="com.ibm.juno.core.test.a.rttests.CT_RoundTripBeanMaps" name="testSubTypePropertyWithRealPropertyUsingAnnotation[18]" time="0.0" />
  <testcase classname="com.ibm.juno.core.test.a.rttests.CT_RoundTripBeanMaps" name="testImplArrayClasses[18]" time="0.0" />
  <testcase classname="com.ibm.juno.core.test.a.rttests.CT_RoundTripBeanMaps" name="testMemberClassWithMapClass[18]" time="0.0" />
  <testcase classname="com.ibm.juno.core.test.a.rttests.CT_RoundTripBeanMaps" name="testMemberClassWithStringConstructor[18]" time="0.0" />
  <testcase classname="com.ibm.juno.core.test.a.rttests.CT_RoundTripBeanMaps" name="testImplMap2[18]" time="0.0" />
  <testcase classname="com.ibm.juno.core.test.a.rttests.CT_RoundTripBeanMaps" name="testMemberClass[18]" time="0.0" />
  <testcase classname="com.ibm.juno.core.test.a.rttests.CT_RoundTripBeanMaps" name="testInterfaceClassUsingFilter[18]" time="0.0" />
  <testcase classname="com.ibm.juno.core.test.a.rttests.CT_RoundTripBeanMaps" name="testExcludePropertiesUsingAnnotation[18]" time="0.0" />
  <testcase classname="com.ibm.juno.core.test.a.rttests.CT_RoundTripBeanMaps" name="testImplClasses[18]" time="0.0" />
  <testcase classname="com.ibm.juno.core.test.a.rttests.CT_RoundTripBeanMaps" name="testImplListClasses[18]" time="0.0" />
  <testcase classname="com.ibm.juno.core.test.a.rttests.CT_RoundTripBeanMaps" name="testWrapperAttrAnnotationOnNonBean[18]" time="0.0" />
  <testcase classname="com.ibm.juno.core.test.a.rttests.CT_RoundTripBeanMaps" name="testWrapperAttrAnnotationOnBean[18]" time="0.0" />
  <testcase classname="com.ibm.juno.core.test.a.rttests.CT_RoundTripBeanMaps" name="testExcludePropertiesUsingFilter[18]" time="0.0" />
  <testcase classname="com.ibm.juno.core.test.a.rttests.CT_RoundTripBeanMaps" name="testImplMap[18]" time="0.0" />
  <testcase classname="com.ibm.juno.core.test.a.rttests.CT_RoundTripBeanMaps" name="testSubTypesUsingBeanFilter[18]" time="0.0" />
  <testcase classname="com.ibm.juno.core.test.a.rttests.CT_RoundTripBeanMaps" name="testPropertiesUsingAnnotation[18]" time="0.0" />
  <testcase classname="com.ibm.juno.core.test.a.rttests.CT_RoundTripBeanMaps" name="testParsingIntoTopLevelNonStaticInnerClasses[18]" time="0.0" />
  <testcase classname="com.ibm.juno.core.test.a.rttests.CT_RoundTripBeanMaps" name="testSubTypesUsingAnnotation[18]" time="0.0" />
[...]
  <testcase classname="com.ibm.juno.core.test.urlencoding.CT_CommonParser_UrlEncoding" name="testFromSerializer" time="0.003" />
  <testcase classname="com.ibm.juno.core.test.urlencoding.CT_CommonParser_UrlEncoding" name="testCorrectHandlingOfUnknownProperties" time="0.001" />
  <testcase classname="com.ibm.juno.core.test.urlencoding.CT_CommonParser_UrlEncoding" name="testCollectionPropertiesWithNoSetters" time="0.001" />
  <testcase classname="com.ibm.juno.core.test.urlencoding.CT_CommonParser_UrlEncoding" name="testParserListeners" time="0.0" />
  <testcase classname="com.ibm.juno.core.test.urlencoding.CT_CommonParser_UrlEncoding" name="testCollections" time="0.0" />
  <testcase classname="com.ibm.juno.core.test.urlencoding.CT_UonParser" name="testSimpleBean" time="0.0" />
  <testcase classname="com.ibm.juno.core.test.urlencoding.CT_UonParser" name="testUnicodeChars" time="0.0" />
  <testcase classname="com.ibm.juno.core.test.urlencoding.CT_UonParser" name="testBasic" time="0.004" />
  <testcase classname="com.ibm.juno.core.test.urlencoding.CT_UonParserReader" name="testBasic" time="0.001" />
  <testcase classname="com.ibm.juno.core.test.urlencoding.CT_UonSerializer" name="testUnicodeChars" time="0.001" />
  <testcase classname="com.ibm.juno.core.test.urlencoding.CT_UonSerializer" name="testBasic" time="0.002" />
  <testcase classname="com.ibm.juno.core.test.urlencoding.CT_UrlEncodingParser" name="testSimpleBean" time="0.002" />
  <testcase classname="com.ibm.juno.core.test.urlencoding.CT_UrlEncodingParser" name="testUnicodeChars" time="0.0" />
  <testcase classname="com.ibm.juno.core.test.urlencoding.CT_UrlEncodingParser" name="testCommaDelimitedLists" time="0.002" />
  <testcase classname="com.ibm.juno.core.test.urlencoding.CT_UrlEncodingParser" name="testBasic" time="0.004" />
  <testcase classname="com.ibm.juno.core.test.urlencoding.CT_UrlEncodingParser" name="testParseIntoSimpleMap" time="0.0" />
  <testcase classname="com.ibm.juno.core.test.urlencoding.CT_UrlEncodingParser" name="testWhitespace" time="0.004" />
  <testcase classname="com.ibm.juno.core.test.urlencoding.CT_UrlEncodingParser" name="testEmptyString" time="0.001" />
  <testcase classname="com.ibm.juno.core.test.urlencoding.CT_UrlEncodingParser" name="testMultiPartParametersOnBeansViaAnnotationOnClass" time="0.009" />
  <testcase classname="com.ibm.juno.core.test.urlencoding.CT_UrlEncodingParser" name="testMultiPartParametersOnBeansViaProperty" time="0.004" />
  <testcase classname="com.ibm.juno.core.test.urlencoding.CT_UrlEncodingParser" name="testNoValues" time="0.0" />
  <testcase classname="com.ibm.juno.core.test.urlencoding.CT_UrlEncodingParser" name="testParseIntoSimpleMapMultiValues" time="0.0" />
  <testcase classname="com.ibm.juno.core.test.urlencoding.CT_UrlEncodingParser" name="testCommaDelimitedListsWithSpecialChars" time="0.002" />
  <testcase classname="com.ibm.juno.core.test.urlencoding.CT_UrlEncodingSerializer" name="testMultiPartParametersOnMapOfStringArrays" time="0.0" />
  <testcase classname="com.ibm.juno.core.test.urlencoding.CT_UrlEncodingSerializer" name="testUnicodeChars" time="0.002" />
  <testcase classname="com.ibm.juno.core.test.urlencoding.CT_UrlEncodingSerializer" name="testBasic" time="0.002" />
  <testcase classname="com.ibm.juno.core.test.urlencoding.CT_UrlEncodingSerializer" name="testMultiPartParametersOnBeansViaAnnotationOnClass" time="0.004" />
  <testcase classname="com.ibm.juno.core.test.urlencoding.CT_UrlEncodingSerializer" name="testMultiPartParametersOnBeansViaProperty" time="0.006" />
  <testcase classname="com.ibm.juno.core.test.utils.CT_Args" name="test" time="0.0" />
  <testcase classname="com.ibm.juno.core.test.utils.CT_ArrayUtils" name="testAsSet" time="0.002" />
  <testcase classname="com.ibm.juno.core.test.utils.CT_ArrayUtils" name="testAppendCollectionToArray" time="0.0" />
  <testcase classname="com.ibm.juno.core.test.utils.CT_ArrayUtils" name="testCombine" time="0.0" />
  <testcase classname="com.ibm.juno.core.test.utils.CT_ArrayUtils" name="testAppendArrayToArray" time="0.0" />
  <testcase classname="com.ibm.juno.core.test.utils.CT_ArrayUtils" name="testReverse" time="0.0" />
  <testcase classname="com.ibm.juno.core.test.utils.CT_ArrayUtils" name="testIterator" time="0.0" />
  <testcase classname="com.ibm.juno.core.test.utils.CT_ArrayUtils" name="testArrayIterator" time="0.001" />
  <testcase classname="com.ibm.juno.core.test.utils.CT_ByteArrayCache" name="testBasic" time="0.002" />
  <testcase classname="com.ibm.juno.core.test.utils.CT_ByteArrayInOutStream" name="testBasic" time="0.001" />
  <testcase classname="com.ibm.juno.core.test.utils.CT_CharSet" name="test" time="0.0" />
  <testcase classname="com.ibm.juno.core.test.utils.CT_ClassUtils" name="testGetReadableClassName" time="0.001" />
  <testcase classname="com.ibm.juno.core.test.utils.CT_ClassUtils" name="testGetReadableClassNames" time="0.0" />
  <testcase classname="com.ibm.juno.core.test.utils.CT_ClassUtils" name="testIsParentClass" time="0.001" />
  <testcase classname="com.ibm.juno.core.test.utils.CT_CollectionUtils" name="testReverse" time="0.0" />
  <testcase classname="com.ibm.juno.core.test.utils.CT_FilteredMap" name="testBasic" time="0.0" />
  <testcase classname="com.ibm.juno.core.test.utils.CT_IdentityList" name="test" time="0.0" />
  <testcase classname="com.ibm.juno.core.test.utils.CT_IOPipe" name="testClose" time="0.001" />
  <testcase classname="com.ibm.juno.core.test.utils.CT_IOPipe" name="testLineProcessor" time="0.002" />
  <testcase classname="com.ibm.juno.core.test.utils.CT_IOPipe" name="testBuffSize" time="0.0" />
  <testcase classname="com.ibm.juno.core.test.utils.CT_IOPipe" name="testByLines" time="0.001" />
  <testcase classname="com.ibm.juno.core.test.utils.CT_IOPipe" name="testConstructor" time="0.0" />
  <testcase classname="com.ibm.juno.core.test.utils.CT_IOUtils" name="testRead" time="0.0" />
  <testcase classname="com.ibm.juno.core.test.utils.CT_KeywordStore" name="test" time="0.0" />
  <testcase classname="com.ibm.juno.core.test.utils.CT_MultiIterable" name="test" time="0.001" />
  <testcase classname="com.ibm.juno.core.test.utils.CT_MultiSet" name="doTest" time="0.002" />
  <testcase classname="com.ibm.juno.core.test.utils.CT_ParserReader" name="test" time="0.0" />
  <testcase classname="com.ibm.juno.core.test.utils.CT_PojoIntrospector" name="testBasic" time="0.0" />
  <testcase classname="com.ibm.juno.core.test.utils.CT_PojoQuery" name="testFilterCollectionIntSearchOneLevel" time="0.14" />
  <testcase classname="com.ibm.juno.core.test.utils.CT_PojoQuery" name="testFilterMapTwoLevel" time="0.007" />
  <testcase classname="com.ibm.juno.core.test.utils.CT_PojoQuery" name="testFilterMapOneLevel" time="0.003" />
  <testcase classname="com.ibm.juno.core.test.utils.CT_PojoQuery" name="testFilterCollectionStringSearchTwoLevel" time="0.004" />
  <testcase classname="com.ibm.juno.core.test.utils.CT_PojoQuery" name="testFilterCollectionStringSearchOneLevel" time="0.003" />
  <testcase classname="com.ibm.juno.core.test.utils.CT_PojoQuery" name="testFilterCollectionDateSearchOneLevel" time="0.014" />
  <testcase classname="com.ibm.juno.core.test.utils.CT_PojoQuery" name="testFilterCollectionViewTwoLevel" time="0.006" />
  <testcase classname="com.ibm.juno.core.test.utils.CT_PojoQuery" name="testFilterCollectionViewOneLevel" time="0.002" />
  <testcase classname="com.ibm.juno.core.test.utils.CT_PojoQuery" name="testSorting" time="0.004" />
  <testcase classname="com.ibm.juno.core.test.utils.CT_PojoRest" name="testAddressBook" time="0.003" />
  <testcase classname="com.ibm.juno.core.test.utils.CT_PojoRest" name="testBasic" time="0.0" />
  <testcase classname="com.ibm.juno.core.test.utils.CT_PojoRest" name="testBeans" time="0.0" />
  <testcase classname="com.ibm.juno.core.test.utils.CT_PojoRest" name="testConstructors" time="0.0" />
  <testcase classname="com.ibm.juno.core.test.utils.CT_PojoRest" name="testGetRootObject" time="0.0" />
  <testcase classname="com.ibm.juno.core.test.utils.CT_PojoRest" name="testGetPublicMethods" time="0.001" />
  <testcase classname="com.ibm.juno.core.test.utils.CT_PojoRest" name="testInvokeMethod" time="0.0" />
  <testcase classname="com.ibm.juno.core.test.utils.CT_PojoRest" name="testGetClassMeta" time="0.0" />
  <testcase classname="com.ibm.juno.core.test.utils.CT_PojoRest" name="testGetMethods" time="0.011" />
  <testcase classname="com.ibm.juno.core.test.utils.CT_PojoRest" name="testRootLocked" time="0.0" />
  <testcase classname="com.ibm.juno.core.test.utils.CT_SimpleMap" name="doTest" time="0.002" />
  <testcase classname="com.ibm.juno.core.test.utils.CT_StringBuilderWriter" name="test" time="0.0" />
  <testcase classname="com.ibm.juno.core.test.utils.CT_StringUtils" name="testEndsWith" time="0.0" />
  <testcase classname="com.ibm.juno.core.test.utils.CT_StringUtils" name="testParseNumberFromReader" time="0.001" />
  <testcase classname="com.ibm.juno.core.test.utils.CT_StringUtils" name="testNullIfEmpty" time="0.0" />
  <testcase classname="com.ibm.juno.core.test.utils.CT_StringUtils" name="testBase64EncodeToString" time="0.0" />
  <testcase classname="com.ibm.juno.core.test.utils.CT_StringUtils" name="testGenerateUUID" time="0.001" />
  <testcase classname="com.ibm.juno.core.test.utils.CT_StringUtils" name="testParseNumber" time="0.001" />
  <testcase classname="com.ibm.juno.core.test.utils.CT_StringUtils" name="testSplit" time="0.001" />
  <testcase classname="com.ibm.juno.core.test.utils.CT_StringUtils" name="testJoin" time="0.0" />
  <testcase classname="com.ibm.juno.core.test.utils.CT_StringUtils" name="testTrim" time="0.0" />
  <testcase classname="com.ibm.juno.core.test.utils.CT_StringUtils" name="testUnescapeChars" time="0.0" />
  <testcase classname="com.ibm.juno.core.test.utils.CT_StringUtils" name="testParseISO8601Date" time="0.001" />
  <testcase classname="com.ibm.juno.core.test.utils.CT_StringUtils" name="testisDecimal" time="0.0" />
  <testcase classname="com.ibm.juno.core.test.utils.CT_StringUtils" name="testReplaceVars" time="0.0" />
  <testcase classname="com.ibm.juno.core.test.utils.CT_StringUtils" name="testPathStartsWith" time="0.0" />
  <testcase classname="com.ibm.juno.core.test.utils.CT_StringUtils" name="testisFloat" time="0.0" />
  <testcase classname="com.ibm.juno.core.test.utils.CT_StringUtils" name="testDecodeHex" time="0.0" />
  <testcase classname="com.ibm.juno.core.test.utils.CT_StringUtils" name="testStartsWith" time="0.0" />
  <testcase classname="com.ibm.juno.core.test.utils.CT_StringUtils" name="testNumberRanges" time="0.001" />
  <testcase classname="com.ibm.juno.core.test.utils.CT_StringVarResolver" name="testEscapedSequences" time="0.006" />
  <testcase classname="com.ibm.juno.core.test.utils.CT_StringVarResolver" name="testEscaped$" time="0.0" />
  <testcase classname="com.ibm.juno.core.test.utils.CT_StringVarResolver" name="test$E" time="0.001" />
  <testcase classname="com.ibm.juno.core.test.utils.CT_StringVarResolver" name="testFalseTriggers" time="0.0" />
  <testcase classname="com.ibm.juno.core.test.utils.CT_StringVarResolver" name="test" time="0.001" />
  <testcase classname="com.ibm.juno.core.test.utils.CT_StringVarResolver" name="test2" time="0.0" />
  <testcase classname="com.ibm.juno.core.test.utils.CT_StringVarResolver" name="testParent" time="0.0" />
  <testcase classname="com.ibm.juno.core.test.xml.CT_Common" name="testBeanPropertyProperties" time="0.13" />
  <testcase classname="com.ibm.juno.core.test.xml.CT_Common" name="testURIAttr" time="0.279" />
  <testcase classname="com.ibm.juno.core.test.xml.CT_Common" name="testUris" time="0.0" />
  <testcase classname="com.ibm.juno.core.test.xml.CT_Common" name="testTrimEmptyArrays" time="0.0" />
  <testcase classname="com.ibm.juno.core.test.xml.CT_Common" name="testBeanPropertyPropertiesOnListOfBeans" time="0.0" />
  <testcase classname="com.ibm.juno.core.test.xml.CT_Common" name="testTrimEmptyLists" time="0.01" />
  <testcase classname="com.ibm.juno.core.test.xml.CT_Common" name="testTrimEmptyMaps" time="0.003" />
  <testcase classname="com.ibm.juno.core.test.xml.CT_Common" name="testRecursion" time="0.009" />
  <testcase classname="com.ibm.juno.core.test.xml.CT_Common" name="testLockedSerializer" time="0.0" />
  <testcase classname="com.ibm.juno.core.test.xml.CT_Common" name="testTrimNullsFromBeans" time="0.001" />
  <testcase classname="com.ibm.juno.core.test.xml.CT_CommonParser" name="testFromSerializer" time="0.008" />
  <testcase classname="com.ibm.juno.core.test.xml.CT_CommonParser" name="testCorrectHandlingOfUnknownProperties" time="0.002" />
  <testcase classname="com.ibm.juno.core.test.xml.CT_CommonParser" name="testCollectionPropertiesWithNoSetters" time="0.001" />
  <testcase classname="com.ibm.juno.core.test.xml.CT_CommonParser" name="testParserListeners" time="0.001" />
  <testcase classname="com.ibm.juno.core.test.xml.CT_CommonXml" name="testBeanUriAnnotation" time="0.005" />
  <testcase classname="com.ibm.juno.core.test.xml.CT_CommonXml" name="testBeanUriAnnotationOnlyUriProperty" time="0.0" />
  <testcase classname="com.ibm.juno.core.test.xml.CT_Xml" name="testXmlNsOnPackageNsUriInXmlNs" time="0.015" />
  <testcase classname="com.ibm.juno.core.test.xml.CT_Xml" name="testNsOnPackageNsOnClassNoElementNameOnClass" time="0.025" />
  <testcase classname="com.ibm.juno.core.test.xml.CT_Xml" name="testComboOfNsAndOverriddenBeanPropertyNames" time="0.008" />
  <testcase classname="com.ibm.juno.core.test.xml.CT_Xml" name="testNsOnClass" time="0.013" />
  <testcase classname="com.ibm.juno.core.test.xml.CT_Xml" name="testElementNameOnNotABean" time="0.001" />
  <testcase classname="com.ibm.juno.core.test.xml.CT_Xml" name="testElementNameOnBeansOfCollection" time="0.001" />
  <testcase classname="com.ibm.juno.core.test.xml.CT_Xml" name="testElementNameOnInterface" time="0.003" />
  <testcase classname="com.ibm.juno.core.test.xml.CT_Xml" name="testElementNameWithInvalidChars" time="0.004" />
  <testcase classname="com.ibm.juno.core.test.xml.CT_Xml" name="testNsOnClassWithElementName" time="0.011" />
  <testcase classname="com.ibm.juno.core.test.xml.CT_Xml" name="testNamespaces" time="0.001" />
  <testcase classname="com.ibm.juno.core.test.xml.CT_Xml" name="testXmlFormatAttr" time="0.004" />
  <testcase classname="com.ibm.juno.core.test.xml.CT_Xml" name="testNsOnPackageNoNsOnClass" time="0.015" />
  <testcase classname="com.ibm.juno.core.test.xml.CT_Xml" name="testNsOnPackageNsOnClassElementNameOnClass" time="0.031" />
  <testcase classname="com.ibm.juno.core.test.xml.CT_Xml" name="testXmlNsWithoutMatchingNsUri" time="0.001" />
  <testcase classname="com.ibm.juno.core.test.xml.CT_Xml" name="testElementName" time="0.004" />
  <testcase classname="com.ibm.juno.core.test.xml.CT_Xml" name="testTrimNulls" time="0.001" />
  <testcase classname="com.ibm.juno.core.test.xml.CT_Xml" name="testIgnoreCollectionFieldWithElementName" time="0.006" />
  <testcase classname="com.ibm.juno.core.test.xml.CT_Xml" name="testBeanNameAnnotation" time="0.0" />
  <testcase classname="com.ibm.juno.core.test.xml.CT_Xml" name="testXmlAttrs" time="0.006" />
  <testcase classname="com.ibm.juno.core.test.xml.CT_Xml" name="testNsOnPackageNoNsOnClassElementNameOnClass" time="0.011" />
  <testcase classname="com.ibm.juno.core.test.xml.CT_Xml" name="testBeanUriAnnotationFormattedAsElement" time="0.004" />
  <testcase classname="com.ibm.juno.core.test.xml.CT_Xml" name="testOverriddenBeanUriAsElementNames" time="0.004" />
  <testcase classname="com.ibm.juno.core.test.xml.CT_Xml" name="testXmlNsAnnotation" time="0.032" />
  <testcase classname="com.ibm.juno.core.test.xml.CT_Xml" name="testComparisonWithJson" time="0.002" />
  <testcase classname="com.ibm.juno.core.test.xml.CT_Xml" name="testElementNameInInvalidLocations" time="0.001" />
  <testcase classname="com.ibm.juno.core.test.xml.CT_Xml" name="testElementNameOnCollection" time="0.003" />
  <testcase classname="com.ibm.juno.core.test.xml.CT_Xml" name="testElementNameOnSuperclass" time="0.004" />
  <testcase classname="com.ibm.juno.core.test.xml.CT_Xml" name="testOverriddenBeanUriAndIdAnnotations" time="0.005" />
  <testcase classname="com.ibm.juno.core.test.xml.CT_Xml" name="testFieldsWithElementNameOnNotABeans" time="0.001" />
  <testcase classname="com.ibm.juno.core.test.xml.CT_Xml" name="testXmlFormatAttrWithNs" time="0.006" />
  <testcase classname="com.ibm.juno.core.test.xml.CT_Xml" name="testXXXXNotation" time="0.001" />
  <testcase classname="com.ibm.juno.core.test.xml.CT_XmlCollapsed" name="testElementNameOnElementClass" time="0.002" />
  <testcase classname="com.ibm.juno.core.test.xml.CT_XmlCollapsed" name="testElementNameOnCollectionClassOverridden" time="0.01" />
  <testcase classname="com.ibm.juno.core.test.xml.CT_XmlCollapsed" name="testNullConstructibleCollectionFields" time="0.0" />
  <testcase classname="com.ibm.juno.core.test.xml.CT_XmlCollapsed" name="testElementNameOnElementClassOverridden" time="0.0" />
  <testcase classname="com.ibm.juno.core.test.xml.CT_XmlCollapsed" name="testBasic" time="0.0" />
  <testcase classname="com.ibm.juno.core.test.xml.CT_XmlCollapsed" name="testUninitializedFields" time="0.01" />
  <testcase classname="com.ibm.juno.core.test.xml.CT_XmlCollapsed" name="testGetters" time="0.01" />
  <testcase classname="com.ibm.juno.core.test.xml.CT_XmlCollapsed" name="testElementNameOnCollectionClass" time="0.01" />
  <testcase classname="com.ibm.juno.core.test.xml.CT_XmlCollapsed" name="testInitializedFields" time="0.01" />
  <testcase classname="com.ibm.juno.core.test.xml.CT_XmlContent" name="testBadContent" time="0.0" />
  <testcase classname="com.ibm.juno.core.test.xml.CT_XmlContent" name="testXmlContentFormat" time="0.01" />
  <testcase classname="com.ibm.juno.core.test.xml.CT_XmlContent" name="testContentFormat" time="0.012" />
  <testcase classname="com.ibm.juno.core.test.xml.CT_XmlParser" name="testGenericWithChildElements" time="0.005" />
  <testcase classname="com.ibm.juno.core.test.xml.CT_XmlParser" name="testGenericAttributes" time="0.0" />
  <testcase classname="com.ibm.juno.core.test.xml.CT_XmlParser" name="testPreserveRootElement" time="0.001" />
  <system-out><![CDATA[]]></system-out>
  <system-err><![CDATA[SLF4J: Class path contains multiple SLF4J bindings.
SLF4J: Found binding in [jar:file:/D:/workspaces/juno/com.ibm.team.juno.releng/lib/jena/slf4j-log4j12-1.6.4.jar!/org/slf4j/impl/StaticLoggerBinder.class]
SLF4J: Found binding in [jar:file:/D:/workspaces/juno/com.ibm.team.juno.releng/build/juno-samples-fat-5.2.jar!/org/slf4j/impl/StaticLoggerBinder.class]
SLF4J: Found binding in [jar:file:/D:/workspaces/juno/com.ibm.team.juno.releng/build/microservice-samples-project/lib/slf4j-log4j12-1.6.4.jar!/org/slf4j/impl/StaticLoggerBinder.class]
SLF4J: Found binding in [jar:file:/D:/workspaces/juno/com.ibm.team.juno.releng/build/test/juno-server-test-5.2.jar!/org/slf4j/impl/StaticLoggerBinder.class]
SLF4J: See http://www.slf4j.org/codes.html#multiple_bindings for an explanation.
---Usage---
java -cp juno.jar com.ibm.juno.core.ini.ConfigFile createBatchEnvFile -configFile <configFile> -envFile <envFile> [-verbose]
java -cp juno.jar com.ibm.juno.core.ini.ConfigFile createShellEnvFile -configFile <configFile> -envFile <envFile> [-verbose]
java -cp juno.jar com.ibm.juno.core.ini.ConfigFile setVals -configFile <configFile> -vals [var1 val1 [var2 val2...]] [-verbose]
log4j:WARN No appenders could be found for logger (com.hp.hpl.jena.rdf.model.impl.RDFDefaultErrorHandler).
log4j:WARN Please initialize the log4j system properly.
log4j:WARN See http://logging.apache.org/log4j/1.2/faq.html#noconfig for more info.
]]></system-err>
</testsuite>
