# JRE version: OpenJDK Runtime Environment Zulu17.57+18-SA (17.0.14+2) (build 17.0.14.0.101+2-LTS)
# Java VM: OpenJDK 64-Bit Server VM Zulu17.57+18-SA (17.0.14.0.101+2-LTS, mixed mode, tiered, compressed oops, compressed class ptrs, g1 gc, bsd-aarch64)
GC Precious Log:
 CPUs: 16 total, 16 available
 Memory: 65536M
 Large Page Support: Disabled
 NUMA Support: Disabled
 Compressed Oops: Enabled (Zero based)
 Heap Region Size: 8M
 Heap Min Capacity: 8M
 Heap Initial Capacity: 1G
 Heap Max Capacity: 16G
 Pre-touch: Disabled
 Parallel Workers: 13
 Concurrent Workers: 3
 Concurrent Refinement Workers: 13
 Periodic GC: Disabled
Heap:
 garbage-first heap   total 753664K, used 254562K [0x0000000400000000, 0x0000000800000000)
  region size 8192K, 20 young (163840K), 5 survivors (40960K)
 Metaspace       used 71166K, committed 71808K, reserved 1114112K
  class space    used 7958K, committed 8256K, reserved 1048576K
GC Heap History (20 events):
Event: 4.802 GC heap before
{Heap before GC invocations=26 (full 0):
 garbage-first heap   total 196608K, used 140783K [0x0000000400000000, 0x0000000800000000)
  region size 8192K, 13 young (106496K), 1 survivors (8192K)
 Metaspace       used 69380K, committed 70016K, reserved 1114112K
  class space    used 7835K, committed 8128K, reserved 1048576K
}
Event: 4.803 GC heap after
{Heap after GC invocations=27 (full 0):
 garbage-first heap   total 196608K, used 43567K [0x0000000400000000, 0x0000000800000000)
  region size 8192K, 1 young (8192K), 1 survivors (8192K)
 Metaspace       used 69380K, committed 70016K, reserved 1114112K
  class space    used 7835K, committed 8128K, reserved 1048576K
}
Event: 4.863 GC heap before
{Heap before GC invocations=27 (full 0):
 garbage-first heap   total 196608K, used 141871K [0x0000000400000000, 0x0000000800000000)
  region size 8192K, 13 young (106496K), 1 survivors (8192K)
 Metaspace       used 69386K, committed 70016K, reserved 1114112K
  class space    used 7835K, committed 8128K, reserved 1048576K
}
Event: 4.864 GC heap after
{Heap after GC invocations=28 (full 0):
 garbage-first heap   total 196608K, used 43580K [0x0000000400000000, 0x0000000800000000)
  region size 8192K, 1 young (8192K), 1 survivors (8192K)
 Metaspace       used 69386K, committed 70016K, reserved 1114112K
  class space    used 7835K, committed 8128K, reserved 1048576K
}
Event: 4.924 GC heap before
{Heap before GC invocations=28 (full 0):
 garbage-first heap   total 196608K, used 141884K [0x0000000400000000, 0x0000000800000000)
  region size 8192K, 13 young (106496K), 1 survivors (8192K)
 Metaspace       used 69477K, committed 70080K, reserved 1114112K
  class space    used 7844K, committed 8128K, reserved 1048576K
}
Event: 4.925 GC heap after
{Heap after GC invocations=29 (full 0):
 garbage-first heap   total 196608K, used 43610K [0x0000000400000000, 0x0000000800000000)
  region size 8192K, 1 young (8192K), 1 survivors (8192K)
 Metaspace       used 69477K, committed 70080K, reserved 1114112K
  class space    used 7844K, committed 8128K, reserved 1048576K
}
Event: 4.990 GC heap before
{Heap before GC invocations=29 (full 0):
 garbage-first heap   total 196608K, used 150106K [0x0000000400000000, 0x0000000800000000)
  region size 8192K, 14 young (114688K), 1 survivors (8192K)
 Metaspace       used 69485K, committed 70080K, reserved 1114112K
  class space    used 7844K, committed 8128K, reserved 1048576K
}
Event: 4.990 GC heap after
{Heap after GC invocations=30 (full 0):
 garbage-first heap   total 196608K, used 43567K [0x0000000400000000, 0x0000000800000000)
  region size 8192K, 1 young (8192K), 1 survivors (8192K)
 Metaspace       used 69485K, committed 70080K, reserved 1114112K
  class space    used 7844K, committed 8128K, reserved 1048576K
}
Event: 5.053 GC heap before
{Heap before GC invocations=30 (full 0):
 garbage-first heap   total 196608K, used 150063K [0x0000000400000000, 0x0000000800000000)
  region size 8192K, 14 young (114688K), 1 survivors (8192K)
 Metaspace       used 69488K, committed 70080K, reserved 1114112K
  class space    used 7844K, committed 8128K, reserved 1048576K
}
Event: 5.054 GC heap after
{Heap after GC invocations=31 (full 0):
 garbage-first heap   total 622592K, used 43480K [0x0000000400000000, 0x0000000800000000)
  region size 8192K, 1 young (8192K), 1 survivors (8192K)
 Metaspace       used 69488K, committed 70080K, reserved 1114112K
  class space    used 7844K, committed 8128K, reserved 1048576K
}
Event: 5.605 GC heap before
{Heap before GC invocations=31 (full 0):
 garbage-first heap   total 622592K, used 403928K [0x0000000400000000, 0x0000000800000000)
  region size 8192K, 45 young (368640K), 1 survivors (8192K)
 Metaspace       used 70480K, committed 71104K, reserved 1114112K
  class space    used 7908K, committed 8192K, reserved 1048576K
}
Event: 5.616 GC heap after
{Heap after GC invocations=32 (full 0):
 garbage-first heap   total 622592K, used 99611K [0x0000000400000000, 0x0000000800000000)
  region size 8192K, 6 young (49152K), 6 survivors (49152K)
 Metaspace       used 70480K, committed 71104K, reserved 1114112K
  class space    used 7908K, committed 8192K, reserved 1048576K
}
Event: 6.019 GC heap before
{Heap before GC invocations=32 (full 0):
 garbage-first heap   total 622592K, used 419099K [0x0000000400000000, 0x0000000800000000)
  region size 8192K, 45 young (368640K), 6 survivors (49152K)
 Metaspace       used 70643K, committed 71296K, reserved 1114112K
  class space    used 7925K, committed 8256K, reserved 1048576K
}
Event: 6.030 GC heap after
{Heap after GC invocations=33 (full 0):
 garbage-first heap   total 622592K, used 114927K [0x0000000400000000, 0x0000000800000000)
  region size 8192K, 2 young (16384K), 2 survivors (16384K)
 Metaspace       used 70643K, committed 71296K, reserved 1114112K
  class space    used 7925K, committed 8256K, reserved 1048576K
}
Event: 6.394 GC heap before
{Heap before GC invocations=33 (full 0):
 garbage-first heap   total 622592K, used 467183K [0x0000000400000000, 0x0000000800000000)
  region size 8192K, 45 young (368640K), 2 survivors (16384K)
 Metaspace       used 70765K, committed 71424K, reserved 1114112K
  class space    used 7928K, committed 8256K, reserved 1048576K
}
Event: 6.402 GC heap after
{Heap after GC invocations=34 (full 0):
 garbage-first heap   total 622592K, used 120561K [0x0000000400000000, 0x0000000800000000)
  region size 8192K, 3 young (24576K), 3 survivors (24576K)
 Metaspace       used 70765K, committed 71424K, reserved 1114112K
  class space    used 7928K, committed 8256K, reserved 1048576K
}
Event: 6.672 GC heap before
{Heap before GC invocations=34 (full 0):
 garbage-first heap   total 622592K, used 464625K [0x0000000400000000, 0x0000000800000000)
  region size 8192K, 45 young (368640K), 3 survivors (24576K)
 Metaspace       used 70787K, committed 71424K, reserved 1114112K
  class space    used 7930K, committed 8256K, reserved 1048576K
}
Event: 6.679 GC heap after
{Heap after GC invocations=35 (full 0):
 garbage-first heap   total 753664K, used 124388K [0x0000000400000000, 0x0000000800000000)
  region size 8192K, 4 young (32768K), 4 survivors (32768K)
 Metaspace       used 70787K, committed 71424K, reserved 1114112K
  class space    used 7930K, committed 8256K, reserved 1048576K
}
Event: 7.182 GC heap before
{Heap before GC invocations=35 (full 0):
 garbage-first heap   total 753664K, used 542180K [0x0000000400000000, 0x0000000800000000)
  region size 8192K, 55 young (450560K), 4 survivors (32768K)
 Metaspace       used 70983K, committed 71680K, reserved 1114112K
  class space    used 7948K, committed 8256K, reserved 1048576K
}
Event: 7.191 GC heap after
{Heap after GC invocations=36 (full 0):
 garbage-first heap   total 753664K, used 139874K [0x0000000400000000, 0x0000000800000000)
  region size 8192K, 5 young (40960K), 5 survivors (40960K)
 Metaspace       used 70983K, committed 71680K, reserved 1114112K
  class space    used 7948K, committed 8256K, reserved 1048576K
}

