# JRE version: OpenJDK Runtime Environment Zulu25.33+16-SA (25.0.2+1) (build 25.0.2.0.101+1-LTS)
# Java VM: OpenJDK 64-Bit Server VM Zulu25.33+16-SA (25.0.2.0.101+1-LTS, mixed mode, tiered, compressed oops, compressed class ptrs, g1 gc, bsd-aarch64)
GC Precious Log:
 CardTable entry size: 512
 Card Set container configuration: InlinePtr #cards 4 size 8 Array Of Cards #cards 64 size 144 Howl #buckets 8 coarsen threshold 14745 Howl Bitmap #cards 2048 size 272 coarsen threshold 1843 Card regions per heap region 1 cards per card region 16384
 CPUs: 16 total, 16 available
 Memory: 65536M
 Large Page Support: Disabled
 NUMA Support: Disabled
 Compressed Oops: Enabled (Non-zero disjoint base)
 Heap Region Size: 8M
 Heap Min Capacity: 8M
 Heap Initial Capacity: 1G
 Heap Max Capacity: 16G
 Pre-touch: Disabled
 Parallel Workers: 13
 Concurrent Workers: 3
 Concurrent Refinement Workers: 13
 Periodic GC: Disabled
Heap:
 garbage-first heap   total reserved 16777216K, committed 385024K, used 220075K [0x0000007000800000, 0x0000007400800000)
  region size 8192K, 19 young (155648K), 4 survivors (32768K)
GC Heap Usage History (20 events):
Event: 0.846 {heap Before GC invocations=5 (full 0):
 garbage-first heap   total reserved 16777216K, committed 40960K, used 24294K [0x0000007000800000, 0x0000007400800000)
  region size 8192K, 3 young (24576K), 1 survivors (8192K)
}
Event: 0.848 {heap After GC invocations=6 (full 0):
 garbage-first heap   total reserved 16777216K, committed 40960K, used 10434K [0x0000007000800000, 0x0000007400800000)
  region size 8192K, 1 young (8192K), 1 survivors (8192K)
}
Event: 0.897 {heap Before GC invocations=6 (full 0):
 garbage-first heap   total reserved 16777216K, committed 40960K, used 26818K [0x0000007000800000, 0x0000007400800000)
  region size 8192K, 3 young (24576K), 1 survivors (8192K)
}
Event: 0.901 {heap After GC invocations=7 (full 0):
 garbage-first heap   total reserved 16777216K, committed 40960K, used 14028K [0x0000007000800000, 0x0000007400800000)
  region size 8192K, 1 young (8192K), 1 survivors (8192K)
}
Event: 0.955 {heap Before GC invocations=7 (full 0):
 garbage-first heap   total reserved 16777216K, committed 40960K, used 30412K [0x0000007000800000, 0x0000007400800000)
  region size 8192K, 3 young (24576K), 1 survivors (8192K)
}
Event: 0.960 {heap After GC invocations=8 (full 0):
 garbage-first heap   total reserved 16777216K, committed 548864K, used 16681K [0x0000007000800000, 0x0000007400800000)
  region size 8192K, 1 young (8192K), 1 survivors (8192K)
}
Event: 1.668 {heap Before GC invocations=8 (full 0):
 garbage-first heap   total reserved 16777216K, committed 548864K, used 205097K [0x0000007000800000, 0x0000007400800000)
  region size 8192K, 26 young (212992K), 1 survivors (8192K)
}
Event: 1.672 {heap After GC invocations=9 (full 0):
 garbage-first heap   total reserved 16777216K, committed 548864K, used 31297K [0x0000007000800000, 0x0000007400800000)
  region size 8192K, 3 young (24576K), 3 survivors (24576K)
}
Event: 2.054 {heap Before GC invocations=10 (full 0):
 garbage-first heap   total reserved 16777216K, committed 139264K, used 129601K [0x0000007000800000, 0x0000007400800000)
  region size 8192K, 15 young (122880K), 3 survivors (24576K)
}
Event: 2.058 {heap After GC invocations=11 (full 0):
 garbage-first heap   total reserved 16777216K, committed 163840K, used 34506K [0x0000007000800000, 0x0000007400800000)
  region size 8192K, 3 young (24576K), 3 survivors (24576K)
}
Event: 2.335 {heap Before GC invocations=11 (full 0):
 garbage-first heap   total reserved 16777216K, committed 163840K, used 108234K [0x0000007000800000, 0x0000007400800000)
  region size 8192K, 12 young (98304K), 3 survivors (24576K)
}
Event: 2.341 {heap After GC invocations=12 (full 0):
 garbage-first heap   total reserved 16777216K, committed 163840K, used 52872K [0x0000007000800000, 0x0000007400800000)
  region size 8192K, 2 young (16384K), 2 survivors (16384K)
}
Event: 2.513 {heap Before GC invocations=12 (full 0):
 garbage-first heap   total reserved 16777216K, committed 163840K, used 118408K [0x0000007000800000, 0x0000007400800000)
  region size 8192K, 10 young (81920K), 2 survivors (16384K)
}
Event: 2.520 {heap After GC invocations=13 (full 0):
 garbage-first heap   total reserved 16777216K, committed 163840K, used 71564K [0x0000007000800000, 0x0000007400800000)
  region size 8192K, 2 young (16384K), 2 survivors (16384K)
}
Event: 2.620 {heap Before GC invocations=13 (full 0):
 garbage-first heap   total reserved 16777216K, committed 163840K, used 120716K [0x0000007000800000, 0x0000007400800000)
  region size 8192K, 8 young (65536K), 2 survivors (16384K)
}
Event: 2.625 {heap After GC invocations=14 (full 0):
 garbage-first heap   total reserved 16777216K, committed 606208K, used 78021K [0x0000007000800000, 0x0000007400800000)
  region size 8192K, 1 young (8192K), 1 survivors (8192K)
}
Event: 3.449 {heap Before GC invocations=14 (full 0):
 garbage-first heap   total reserved 16777216K, committed 606208K, used 430277K [0x0000007000800000, 0x0000007400800000)
  region size 8192K, 44 young (360448K), 1 survivors (8192K)
}
Event: 3.454 {heap After GC invocations=15 (full 0):
 garbage-first heap   total reserved 16777216K, committed 606208K, used 89460K [0x0000007000800000, 0x0000007400800000)
  region size 8192K, 3 young (24576K), 3 survivors (24576K)
}
Event: 3.957 {heap Before GC invocations=15 (full 0):
 garbage-first heap   total reserved 16777216K, committed 606208K, used 335220K [0x0000007000800000, 0x0000007400800000)
  region size 8192K, 34 young (278528K), 3 survivors (24576K)
}
Event: 3.963 {heap After GC invocations=16 (full 0):
 garbage-first heap   total reserved 16777216K, committed 606208K, used 105387K [0x0000007000800000, 0x0000007400800000)
  region size 8192K, 4 young (32768K), 4 survivors (32768K)
}

